{"/home/travis/build/npmtest/node-npmtest-eventstore/test.js":{"path":"/home/travis/build/npmtest/node-npmtest-eventstore/test.js","s":{"1":2,"2":2,"3":2,"4":2,"5":2,"6":2,"7":2,"8":1,"9":2,"10":2,"11":1,"12":1,"13":1,"14":1,"15":2,"16":2,"17":2,"18":2,"19":1,"20":1,"21":2,"22":2,"23":2,"24":1,"25":1,"26":1,"27":1,"28":1,"29":1,"30":1,"31":1,"32":1,"33":1,"34":1,"35":1,"36":1,"37":1,"38":1,"39":2,"40":2,"41":1,"42":2,"43":2,"44":1,"45":2,"46":2,"47":1,"48":2,"49":2,"50":1,"51":1,"52":1,"53":1,"54":1},"b":{"1":[2,1,1,1],"2":[1,1,1,1],"3":[1,1],"4":[1,1],"5":[1,1],"6":[1,1],"7":[1,1],"8":[1,1],"9":[1,1],"10":[1,1,1],"11":[1,1],"12":[1,1],"13":[1,1],"14":[1,1],"15":[1,1],"16":[1,1],"17":[1,1]},"f":{"1":2,"2":2,"3":2,"4":2,"5":2,"6":1,"7":1,"8":1,"9":2,"10":2,"11":2,"12":2,"13":1},"fnMap":{"1":{"name":"(anonymous_1)","line":12,"loc":{"start":{"line":12,"column":1},"end":{"line":12,"column":13}}},"2":{"name":"(anonymous_2)","line":19,"loc":{"start":{"line":19,"column":5},"end":{"line":19,"column":17}}},"3":{"name":"(anonymous_3)","line":23,"loc":{"start":{"line":23,"column":24},"end":{"line":23,"column":36}}},"4":{"name":"(anonymous_4)","line":61,"loc":{"start":{"line":61,"column":5},"end":{"line":61,"column":17}}},"5":{"name":"(anonymous_5)","line":82,"loc":{"start":{"line":82,"column":5},"end":{"line":82,"column":17}}},"6":{"name":"(anonymous_6)","line":91,"loc":{"start":{"line":91,"column":77},"end":{"line":94,"column":10}}},"7":{"name":"(anonymous_7)","line":112,"loc":{"start":{"line":112,"column":83},"end":{"line":115,"column":10}},"skip":true},"8":{"name":"(anonymous_8)","line":123,"loc":{"start":{"line":123,"column":77},"end":{"line":126,"column":10}},"skip":true},"9":{"name":"(anonymous_9)","line":139,"loc":{"start":{"line":139,"column":12},"end":{"line":139,"column":40}},"skip":true},"10":{"name":"(anonymous_10)","line":147,"loc":{"start":{"line":147,"column":77},"end":{"line":150,"column":10}},"skip":true},"11":{"name":"(anonymous_11)","line":158,"loc":{"start":{"line":158,"column":83},"end":{"line":161,"column":10}},"skip":true},"12":{"name":"(anonymous_12)","line":169,"loc":{"start":{"line":169,"column":79},"end":{"line":172,"column":10}},"skip":true},"13":{"name":"(anonymous_13)","line":180,"loc":{"start":{"line":180,"column":75},"end":{"line":183,"column":10}},"skip":true}},"statementMap":{"1":{"start":{"line":12,"column":0},"end":{"line":195,"column":5}},"2":{"start":{"line":14,"column":4},"end":{"line":14,"column":14}},"3":{"start":{"line":19,"column":4},"end":{"line":56,"column":9}},"4":{"start":{"line":21,"column":8},"end":{"line":21,"column":19}},"5":{"start":{"line":23,"column":8},"end":{"line":35,"column":13}},"6":{"start":{"line":24,"column":12},"end":{"line":34,"column":13}},"7":{"start":{"line":25,"column":16},"end":{"line":28,"column":30}},"8":{"start":{"line":30,"column":16},"end":{"line":33,"column":27}},"9":{"start":{"line":37,"column":8},"end":{"line":39,"column":21}},"10":{"start":{"line":40,"column":8},"end":{"line":53,"column":9}},"11":{"start":{"line":43,"column":12},"end":{"line":46,"column":14}},"12":{"start":{"line":47,"column":12},"end":{"line":47,"column":18}},"13":{"start":{"line":50,"column":12},"end":{"line":51,"column":33}},"14":{"start":{"line":52,"column":12},"end":{"line":52,"column":18}},"15":{"start":{"line":55,"column":8},"end":{"line":55,"column":35}},"16":{"start":{"line":61,"column":4},"end":{"line":63,"column":9}},"17":{"start":{"line":62,"column":8},"end":{"line":62,"column":15}},"18":{"start":{"line":64,"column":4},"end":{"line":77,"column":5}},"19":{"start":{"line":70,"column":8},"end":{"line":70,"column":14}},"20":{"start":{"line":76,"column":8},"end":{"line":76,"column":14}},"21":{"start":{"line":82,"column":4},"end":{"line":84,"column":9}},"22":{"start":{"line":83,"column":8},"end":{"line":83,"column":15}},"23":{"start":{"line":85,"column":4},"end":{"line":194,"column":5}},"24":{"start":{"line":91,"column":8},"end":{"line":99,"column":10}},"25":{"start":{"line":98,"column":12},"end":{"line":98,"column":35}},"26":{"start":{"line":102,"column":8},"end":{"line":104,"column":63}},"27":{"start":{"line":105,"column":8},"end":{"line":105,"column":14}},"28":{"start":{"line":112,"column":8},"end":{"line":121,"column":10},"skip":true},"29":{"start":{"line":119,"column":12},"end":{"line":119,"column":55},"skip":true},"30":{"start":{"line":120,"column":12},"end":{"line":120,"column":48},"skip":true},"31":{"start":{"line":123,"column":8},"end":{"line":136,"column":10},"skip":true},"32":{"start":{"line":130,"column":12},"end":{"line":130,"column":76},"skip":true},"33":{"start":{"line":131,"column":12},"end":{"line":131,"column":73},"skip":true},"34":{"start":{"line":132,"column":12},"end":{"line":132,"column":74},"skip":true},"35":{"start":{"line":133,"column":12},"end":{"line":133,"column":79},"skip":true},"36":{"start":{"line":134,"column":12},"end":{"line":134,"column":25},"skip":true},"37":{"start":{"line":135,"column":12},"end":{"line":135,"column":45},"skip":true},"38":{"start":{"line":138,"column":8},"end":{"line":145,"column":14},"skip":true},"39":{"start":{"line":143,"column":16},"end":{"line":143,"column":29},"skip":true},"40":{"start":{"line":144,"column":16},"end":{"line":144,"column":55},"skip":true},"41":{"start":{"line":147,"column":8},"end":{"line":156,"column":10},"skip":true},"42":{"start":{"line":154,"column":12},"end":{"line":154,"column":25},"skip":true},"43":{"start":{"line":155,"column":12},"end":{"line":155,"column":45},"skip":true},"44":{"start":{"line":158,"column":8},"end":{"line":167,"column":10},"skip":true},"45":{"start":{"line":165,"column":12},"end":{"line":165,"column":25},"skip":true},"46":{"start":{"line":166,"column":12},"end":{"line":166,"column":48},"skip":true},"47":{"start":{"line":169,"column":8},"end":{"line":178,"column":10},"skip":true},"48":{"start":{"line":176,"column":12},"end":{"line":176,"column":25},"skip":true},"49":{"start":{"line":177,"column":12},"end":{"line":177,"column":46},"skip":true},"50":{"start":{"line":180,"column":8},"end":{"line":189,"column":10},"skip":true},"51":{"start":{"line":187,"column":12},"end":{"line":187,"column":94},"skip":true},"52":{"start":{"line":188,"column":12},"end":{"line":188,"column":48},"skip":true},"53":{"start":{"line":192,"column":8},"end":{"line":192,"column":35},"skip":true},"54":{"start":{"line":193,"column":8},"end":{"line":193,"column":14},"skip":true}},"branchMap":{"1":{"line":25,"type":"binary-expr","locations":[{"start":{"line":25,"column":23},"end":{"line":25,"column":62}},{"start":{"line":26,"column":20},"end":{"line":26,"column":70}},{"start":{"line":27,"column":20},"end":{"line":27,"column":71}},{"start":{"line":28,"column":20},"end":{"line":28,"column":29}}]},"2":{"line":30,"type":"binary-expr","locations":[{"start":{"line":30,"column":23},"end":{"line":30,"column":37}},{"start":{"line":31,"column":20},"end":{"line":31,"column":61}},{"start":{"line":32,"column":20},"end":{"line":32,"column":70}},{"start":{"line":33,"column":20},"end":{"line":33,"column":26}}]},"3":{"line":37,"type":"cond-expr","locations":[{"start":{"line":38,"column":14},"end":{"line":38,"column":20}},{"start":{"line":39,"column":14},"end":{"line":39,"column":20}}]},"4":{"line":40,"type":"switch","locations":[{"start":{"line":42,"column":8},"end":{"line":47,"column":18}},{"start":{"line":49,"column":8},"end":{"line":52,"column":18}}]},"5":{"line":44,"type":"binary-expr","locations":[{"start":{"line":44,"column":16},"end":{"line":44,"column":44}},{"start":{"line":44,"column":48},"end":{"line":44,"column":66}}]},"6":{"line":50,"type":"binary-expr","locations":[{"start":{"line":50,"column":21},"end":{"line":50,"column":49}},{"start":{"line":50,"column":53},"end":{"line":50,"column":72}}]},"7":{"line":64,"type":"switch","locations":[{"start":{"line":69,"column":4},"end":{"line":70,"column":14}},{"start":{"line":75,"column":4},"end":{"line":76,"column":14}}]},"8":{"line":85,"type":"switch","locations":[{"start":{"line":90,"column":4},"end":{"line":105,"column":14}},{"start":{"line":111,"column":4},"end":{"line":193,"column":14},"skip":true}]},"9":{"line":91,"type":"binary-expr","locations":[{"start":{"line":91,"column":42},"end":{"line":91,"column":73}},{"start":{"line":91,"column":77},"end":{"line":99,"column":9}}]},"10":{"line":102,"type":"binary-expr","locations":[{"start":{"line":102,"column":18},"end":{"line":102,"column":32}},{"start":{"line":103,"column":12},"end":{"line":103,"column":53}},{"start":{"line":104,"column":12},"end":{"line":104,"column":61}}]},"11":{"line":112,"type":"binary-expr","locations":[{"start":{"line":112,"column":45},"end":{"line":112,"column":79},"skip":true},{"start":{"line":112,"column":83},"end":{"line":121,"column":9},"skip":true}]},"12":{"line":123,"type":"binary-expr","locations":[{"start":{"line":123,"column":42},"end":{"line":123,"column":73},"skip":true},{"start":{"line":123,"column":77},"end":{"line":136,"column":9},"skip":true}]},"13":{"line":138,"type":"binary-expr","locations":[{"start":{"line":138,"column":48},"end":{"line":138,"column":85},"skip":true},{"start":{"line":139,"column":12},"end":{"line":145,"column":13},"skip":true}]},"14":{"line":147,"type":"binary-expr","locations":[{"start":{"line":147,"column":42},"end":{"line":147,"column":73},"skip":true},{"start":{"line":147,"column":77},"end":{"line":156,"column":9},"skip":true}]},"15":{"line":158,"type":"binary-expr","locations":[{"start":{"line":158,"column":45},"end":{"line":158,"column":79},"skip":true},{"start":{"line":158,"column":83},"end":{"line":167,"column":9},"skip":true}]},"16":{"line":169,"type":"binary-expr","locations":[{"start":{"line":169,"column":43},"end":{"line":169,"column":75},"skip":true},{"start":{"line":169,"column":79},"end":{"line":178,"column":9},"skip":true}]},"17":{"line":180,"type":"binary-expr","locations":[{"start":{"line":180,"column":41},"end":{"line":180,"column":71},"skip":true},{"start":{"line":180,"column":75},"end":{"line":189,"column":9},"skip":true}]}},"code":["/* istanbul instrument in package npmtest_eventstore */","/*jslint","    bitwise: true,","    browser: true,","    maxerr: 8,","    maxlen: 96,","    node: true,","    nomen: true,","    regexp: true,","    stupid: true","*/","(function () {","    'use strict';","    var local;","","","","    // run shared js-env code - pre-init","    (function () {","        // init local","        local = {};","        // init modeJs","        local.modeJs = (function () {","            try {","                return typeof navigator.userAgent === 'string' &&","                    typeof document.querySelector('body') === 'object' &&","                    typeof XMLHttpRequest.prototype.open === 'function' &&","                    'browser';","            } catch (errorCaughtBrowser) {","                return module.exports &&","                    typeof process.versions.node === 'string' &&","                    typeof require('http').createServer === 'function' &&","                    'node';","            }","        }());","        // init global","        local.global = local.modeJs === 'browser'","            ? window","            : global;","        switch (local.modeJs) {","        // re-init local from window.local","        case 'browser':","            local = local.global.utility2.objectSetDefault(","                local.global.utility2_rollup || local.global.local,","                local.global.utility2","            );","            break;","        // re-init local from example.js","        case 'node':","            local = (local.global.utility2_rollup || require('utility2'))","                .requireReadme();","            break;","        }","        // export local","        local.global.local = local;","    }());","","","","    // run shared js-env code - function","    (function () {","        return;","    }());","    switch (local.modeJs) {","","","","    // run browser js-env code - function","    case 'browser':","        break;","","","","    // run node js-env code - function","    case 'node':","        break;","    }","","","","    // run shared js-env code - post-init","    (function () {","        return;","    }());","    switch (local.modeJs) {","","","","    // run browser js-env code - post-init","    case 'browser':","        local.testCase_browser_nullCase = local.testCase_browser_nullCase || function (","            options,","            onError","        ) {","        /*","         * this function will test browsers's null-case handling-behavior-behavior","         */","            onError(null, options);","        };","","        // run tests","        local.nop(local.modeTest &&","            document.querySelector('#testRunButton1') &&","            document.querySelector('#testRunButton1').click());","        break;","","","","    // run node js-env code - post-init","    /* istanbul ignore next */","    case 'node':","        local.testCase_buildApidoc_default = local.testCase_buildApidoc_default || function (","            options,","            onError","        ) {","        /*","         * this function will test buildApidoc's default handling-behavior-behavior","         */","            options = { modulePathList: module.paths };","            local.buildApidoc(options, onError);","        };","","        local.testCase_buildApp_default = local.testCase_buildApp_default || function (","            options,","            onError","        ) {","        /*","         * this function will test buildApp's default handling-behavior-behavior","         */","            local.testCase_buildReadme_default(options, local.onErrorThrow);","            local.testCase_buildLib_default(options, local.onErrorThrow);","            local.testCase_buildTest_default(options, local.onErrorThrow);","            local.testCase_buildCustomOrg_default(options, local.onErrorThrow);","            options = [];","            local.buildApp(options, onError);","        };","","        local.testCase_buildCustomOrg_default = local.testCase_buildCustomOrg_default ||","            function (options, onError) {","            /*","             * this function will test buildCustomOrg's default handling-behavior","             */","                options = {};","                local.buildCustomOrg(options, onError);","            };","","        local.testCase_buildLib_default = local.testCase_buildLib_default || function (","            options,","            onError","        ) {","        /*","         * this function will test buildLib's default handling-behavior","         */","            options = {};","            local.buildLib(options, onError);","        };","","        local.testCase_buildReadme_default = local.testCase_buildReadme_default || function (","            options,","            onError","        ) {","        /*","         * this function will test buildReadme's default handling-behavior-behavior","         */","            options = {};","            local.buildReadme(options, onError);","        };","","        local.testCase_buildTest_default = local.testCase_buildTest_default || function (","            options,","            onError","        ) {","        /*","         * this function will test buildTest's default handling-behavior","         */","            options = {};","            local.buildTest(options, onError);","        };","","        local.testCase_webpage_default = local.testCase_webpage_default || function (","            options,","            onError","        ) {","        /*","         * this function will test webpage's default handling-behavior","         */","            options = { modeCoverageMerge: true, url: local.serverLocalHost + '?modeTest=1' };","            local.browserTest(options, onError);","        };","","        // run test-server","        local.testRunServer(local);","        break;","    }","}());",""],"l":{"12":2,"14":2,"19":2,"21":2,"23":2,"24":2,"25":2,"30":1,"37":2,"40":2,"43":1,"47":1,"50":1,"52":1,"55":2,"61":2,"62":2,"64":2,"70":1,"76":1,"82":2,"83":2,"85":2,"91":1,"98":1,"102":1,"105":1,"112":1,"119":1,"120":1,"123":1,"130":1,"131":1,"132":1,"133":1,"134":1,"135":1,"138":1,"143":2,"144":2,"147":1,"154":2,"155":2,"158":1,"165":2,"166":2,"169":1,"176":2,"177":2,"180":1,"187":1,"188":1,"192":1,"193":1}},"/home/travis/build/npmtest/node-npmtest-eventstore/lib.npmtest_eventstore.js":{"path":"/home/travis/build/npmtest/node-npmtest-eventstore/lib.npmtest_eventstore.js","s":{"1":2,"2":2,"3":2,"4":2,"5":2,"6":2,"7":2,"8":1,"9":2,"10":2,"11":2,"12":2,"13":1,"14":1,"15":1,"16":1},"b":{"1":[2,1,1,1],"2":[1,1,1,1],"3":[1,1],"4":[2,2],"5":[1,1]},"f":{"1":2,"2":2,"3":2},"fnMap":{"1":{"name":"(anonymous_1)","line":12,"loc":{"start":{"line":12,"column":1},"end":{"line":12,"column":13}}},"2":{"name":"(anonymous_2)","line":19,"loc":{"start":{"line":19,"column":5},"end":{"line":19,"column":17}}},"3":{"name":"(anonymous_3)","line":23,"loc":{"start":{"line":23,"column":24},"end":{"line":23,"column":36}}}},"statementMap":{"1":{"start":{"line":12,"column":0},"end":{"line":53,"column":5}},"2":{"start":{"line":14,"column":4},"end":{"line":14,"column":14}},"3":{"start":{"line":19,"column":4},"end":{"line":52,"column":9}},"4":{"start":{"line":21,"column":8},"end":{"line":21,"column":19}},"5":{"start":{"line":23,"column":8},"end":{"line":35,"column":13}},"6":{"start":{"line":24,"column":12},"end":{"line":34,"column":13}},"7":{"start":{"line":25,"column":16},"end":{"line":28,"column":30}},"8":{"start":{"line":30,"column":16},"end":{"line":33,"column":27}},"9":{"start":{"line":37,"column":8},"end":{"line":39,"column":21}},"10":{"start":{"line":41,"column":8},"end":{"line":41,"column":54}},"11":{"start":{"line":43,"column":8},"end":{"line":43,"column":55}},"12":{"start":{"line":45,"column":8},"end":{"line":51,"column":9}},"13":{"start":{"line":46,"column":12},"end":{"line":46,"column":61}},"14":{"start":{"line":48,"column":12},"end":{"line":48,"column":35}},"15":{"start":{"line":49,"column":12},"end":{"line":49,"column":49}},"16":{"start":{"line":50,"column":12},"end":{"line":50,"column":43}}},"branchMap":{"1":{"line":25,"type":"binary-expr","locations":[{"start":{"line":25,"column":23},"end":{"line":25,"column":62}},{"start":{"line":26,"column":20},"end":{"line":26,"column":70}},{"start":{"line":27,"column":20},"end":{"line":27,"column":71}},{"start":{"line":28,"column":20},"end":{"line":28,"column":29}}]},"2":{"line":30,"type":"binary-expr","locations":[{"start":{"line":30,"column":23},"end":{"line":30,"column":37}},{"start":{"line":31,"column":20},"end":{"line":31,"column":61}},{"start":{"line":32,"column":20},"end":{"line":32,"column":70}},{"start":{"line":33,"column":20},"end":{"line":33,"column":26}}]},"3":{"line":37,"type":"cond-expr","locations":[{"start":{"line":38,"column":14},"end":{"line":38,"column":20}},{"start":{"line":39,"column":14},"end":{"line":39,"column":20}}]},"4":{"line":41,"type":"binary-expr","locations":[{"start":{"line":41,"column":16},"end":{"line":41,"column":44}},{"start":{"line":41,"column":48},"end":{"line":41,"column":53}}]},"5":{"line":45,"type":"if","locations":[{"start":{"line":45,"column":8},"end":{"line":45,"column":8}},{"start":{"line":45,"column":8},"end":{"line":45,"column":8}}]}},"code":["/* istanbul instrument in package npmtest_eventstore */","/*jslint","    bitwise: true,","    browser: true,","    maxerr: 8,","    maxlen: 96,","    node: true,","    nomen: true,","    regexp: true,","    stupid: true","*/","(function () {","    'use strict';","    var local;","","","","    // run shared js-env code - pre-init","    (function () {","        // init local","        local = {};","        // init modeJs","        local.modeJs = (function () {","            try {","                return typeof navigator.userAgent === 'string' &&","                    typeof document.querySelector('body') === 'object' &&","                    typeof XMLHttpRequest.prototype.open === 'function' &&","                    'browser';","            } catch (errorCaughtBrowser) {","                return module.exports &&","                    typeof process.versions.node === 'string' &&","                    typeof require('http').createServer === 'function' &&","                    'node';","            }","        }());","        // init global","        local.global = local.modeJs === 'browser'","            ? window","            : global;","        // init utility2_rollup","        local = local.global.utility2_rollup || local;","        // init lib","        local.local = local.npmtest_eventstore = local;","        // init exports","        if (local.modeJs === 'browser') {","            local.global.utility2_npmtest_eventstore = local;","        } else {","            module.exports = local;","            module.exports.__dirname = __dirname;","            module.exports.module = module;","        }","    }());","}());",""],"l":{"12":2,"14":2,"19":2,"21":2,"23":2,"24":2,"25":2,"30":1,"37":2,"41":2,"43":2,"45":2,"46":1,"48":1,"49":1,"50":1}},"/home/travis/build/npmtest/node-npmtest-eventstore/example.js":{"path":"/home/travis/build/npmtest/node-npmtest-eventstore/example.js","s":{"1":2,"2":2,"3":2,"4":2,"5":2,"6":2,"7":2,"8":1,"9":2,"10":2,"11":2,"12":2,"13":1,"14":2,"15":2,"16":2,"17":2,"18":2,"19":0,"20":2,"21":1,"22":1,"23":1,"24":1,"25":1,"26":0,"27":0,"28":1,"29":1,"30":2,"31":0,"32":0,"33":0,"34":1,"35":2,"36":2,"37":3,"38":3,"39":3,"40":3,"41":0,"42":3,"43":3,"44":3,"45":1,"46":3,"47":1,"48":1,"49":1,"50":1,"51":1,"52":1,"53":1,"54":1,"55":1,"56":1,"57":0,"58":1,"59":6,"60":6,"61":1,"62":2,"63":0,"64":2,"65":1,"66":1,"67":0,"68":0,"69":0,"70":0,"71":0,"72":0,"73":0,"74":0,"75":0,"76":0,"77":0,"78":0,"79":0,"80":0,"81":0,"82":0,"83":0},"b":{"1":[2,1,1,1],"2":[1,1,1,1],"3":[1,1],"4":[2,2],"5":[1,1],"6":[1,1],"7":[2,0],"8":[2,1,1,1,1,1],"9":[0,2,0],"10":[1,1],"11":[2,1,1],"12":[1,0],"13":[0,2],"14":[2,0,0,0,0,0,0],"15":[0,3],"16":[3,0],"17":[1,1],"18":[0,1],"19":[1,2,0,2],"20":[1,0],"21":[1,1],"22":[0,0],"23":[0,0],"24":[0,0],"25":[0,0],"26":[0,0],"27":[0,0],"28":[0,0]},"f":{"1":2,"2":2,"3":2,"4":2,"5":2,"6":2,"7":3,"8":3,"9":3,"10":1,"11":6,"12":0},"fnMap":{"1":{"name":"(anonymous_1)","line":26,"loc":{"start":{"line":26,"column":1},"end":{"line":26,"column":13}}},"2":{"name":"(anonymous_2)","line":33,"loc":{"start":{"line":33,"column":5},"end":{"line":33,"column":17}}},"3":{"name":"(anonymous_3)","line":37,"loc":{"start":{"line":37,"column":24},"end":{"line":37,"column":36}}},"4":{"name":"(anonymous_4)","line":69,"loc":{"start":{"line":69,"column":31},"end":{"line":69,"column":48}},"skip":true},"5":{"name":"(anonymous_5)","line":78,"loc":{"start":{"line":78,"column":26},"end":{"line":78,"column":45}},"skip":true},"6":{"name":"(anonymous_6)","line":123,"loc":{"start":{"line":123,"column":33},"end":{"line":123,"column":48}},"skip":true},"7":{"name":"(anonymous_7)","line":125,"loc":{"start":{"line":125,"column":27},"end":{"line":125,"column":39}},"skip":true},"8":{"name":"(anonymous_8)","line":133,"loc":{"start":{"line":133,"column":59},"end":{"line":133,"column":74}},"skip":true},"9":{"name":"(anonymous_9)","line":143,"loc":{"start":{"line":143,"column":45},"end":{"line":143,"column":62}},"skip":true},"10":{"name":"(anonymous_10)","line":144,"loc":{"start":{"line":144,"column":73},"end":{"line":144,"column":92}},"skip":true},"11":{"name":"(anonymous_11)","line":272,"loc":{"start":{"line":272,"column":51},"end":{"line":272,"column":77}},"skip":true},"12":{"name":"(anonymous_12)","line":315,"loc":{"start":{"line":315,"column":32},"end":{"line":315,"column":61}},"skip":true}},"statementMap":{"1":{"start":{"line":26,"column":0},"end":{"line":326,"column":5}},"2":{"start":{"line":28,"column":4},"end":{"line":28,"column":14}},"3":{"start":{"line":33,"column":4},"end":{"line":60,"column":9}},"4":{"start":{"line":35,"column":8},"end":{"line":35,"column":19}},"5":{"start":{"line":37,"column":8},"end":{"line":49,"column":13}},"6":{"start":{"line":38,"column":12},"end":{"line":48,"column":13}},"7":{"start":{"line":39,"column":16},"end":{"line":42,"column":30}},"8":{"start":{"line":44,"column":16},"end":{"line":47,"column":27}},"9":{"start":{"line":51,"column":8},"end":{"line":53,"column":21}},"10":{"start":{"line":55,"column":8},"end":{"line":57,"column":45}},"11":{"start":{"line":59,"column":8},"end":{"line":59,"column":35}},"12":{"start":{"line":61,"column":4},"end":{"line":325,"column":5}},"13":{"start":{"line":69,"column":8},"end":{"line":121,"column":10},"skip":true},"14":{"start":{"line":70,"column":12},"end":{"line":88,"column":13},"skip":true},"15":{"start":{"line":76,"column":16},"end":{"line":87,"column":19},"skip":true},"16":{"start":{"line":79,"column":20},"end":{"line":86,"column":21},"skip":true},"17":{"start":{"line":82,"column":24},"end":{"line":82,"column":43},"skip":true},"18":{"start":{"line":83,"column":24},"end":{"line":83,"column":30},"skip":true},"19":{"start":{"line":85,"column":24},"end":{"line":85,"column":49},"skip":true},"20":{"start":{"line":89,"column":12},"end":{"line":107,"column":13},"skip":true},"21":{"start":{"line":92,"column":16},"end":{"line":102,"column":17},"skip":true},"22":{"start":{"line":93,"column":20},"end":{"line":93,"column":86},"skip":true},"23":{"start":{"line":94,"column":20},"end":{"line":95,"column":45},"skip":true},"24":{"start":{"line":96,"column":20},"end":{"line":96,"column":42},"skip":true},"25":{"start":{"line":97,"column":20},"end":{"line":97,"column":48},"skip":true},"26":{"start":{"line":100,"column":20},"end":{"line":100,"column":85},"skip":true},"27":{"start":{"line":101,"column":20},"end":{"line":101,"column":96},"skip":true},"28":{"start":{"line":103,"column":16},"end":{"line":103,"column":22},"skip":true},"29":{"start":{"line":106,"column":16},"end":{"line":106,"column":22},"skip":true},"30":{"start":{"line":108,"column":12},"end":{"line":120,"column":13},"skip":true},"31":{"start":{"line":114,"column":16},"end":{"line":119,"column":17},"skip":true},"32":{"start":{"line":116,"column":20},"end":{"line":116,"column":78},"skip":true},"33":{"start":{"line":118,"column":20},"end":{"line":118,"column":47},"skip":true},"34":{"start":{"line":123,"column":8},"end":{"line":141,"column":11},"skip":true},"35":{"start":{"line":124,"column":12},"end":{"line":124,"column":54},"skip":true},"36":{"start":{"line":125,"column":12},"end":{"line":140,"column":14},"skip":true},"37":{"start":{"line":126,"column":16},"end":{"line":126,"column":28},"skip":true},"38":{"start":{"line":127,"column":16},"end":{"line":127,"column":69},"skip":true},"39":{"start":{"line":128,"column":16},"end":{"line":128,"column":75},"skip":true},"40":{"start":{"line":129,"column":16},"end":{"line":131,"column":17},"skip":true},"41":{"start":{"line":130,"column":20},"end":{"line":130,"column":27},"skip":true},"42":{"start":{"line":133,"column":16},"end":{"line":137,"column":36},"skip":true},"43":{"start":{"line":134,"column":20},"end":{"line":136,"column":55},"skip":true},"44":{"start":{"line":139,"column":16},"end":{"line":139,"column":57},"skip":true},"45":{"start":{"line":143,"column":8},"end":{"line":147,"column":11},"skip":true},"46":{"start":{"line":144,"column":12},"end":{"line":146,"column":15},"skip":true},"47":{"start":{"line":145,"column":16},"end":{"line":145,"column":70},"skip":true},"48":{"start":{"line":149,"column":8},"end":{"line":149,"column":31},"skip":true},"49":{"start":{"line":150,"column":8},"end":{"line":150,"column":14},"skip":true},"50":{"start":{"line":158,"column":8},"end":{"line":158,"column":31},"skip":true},"51":{"start":{"line":160,"column":8},"end":{"line":160,"column":33},"skip":true},"52":{"start":{"line":161,"column":8},"end":{"line":161,"column":37},"skip":true},"53":{"start":{"line":162,"column":8},"end":{"line":162,"column":35},"skip":true},"54":{"start":{"line":164,"column":8},"end":{"line":164,"column":50},"skip":true},"55":{"start":{"line":166,"column":8},"end":{"line":256,"column":2},"skip":true},"56":{"start":{"line":258,"column":8},"end":{"line":286,"column":9},"skip":true},"57":{"start":{"line":259,"column":12},"end":{"line":269,"column":14},"skip":true},"58":{"start":{"line":271,"column":12},"end":{"line":285,"column":19},"skip":true},"59":{"start":{"line":274,"column":20},"end":{"line":274,"column":35},"skip":true},"60":{"start":{"line":275,"column":20},"end":{"line":284,"column":21},"skip":true},"61":{"start":{"line":277,"column":24},"end":{"line":277,"column":64},"skip":true},"62":{"start":{"line":279,"column":24},"end":{"line":279,"column":40},"skip":true},"63":{"start":{"line":281,"column":24},"end":{"line":281,"column":40},"skip":true},"64":{"start":{"line":283,"column":24},"end":{"line":283,"column":39},"skip":true},"65":{"start":{"line":288,"column":8},"end":{"line":290,"column":9},"skip":true},"66":{"start":{"line":289,"column":12},"end":{"line":289,"column":18},"skip":true},"67":{"start":{"line":291,"column":8},"end":{"line":293,"column":54},"skip":true},"68":{"start":{"line":296,"column":8},"end":{"line":301,"column":37},"skip":true},"69":{"start":{"line":303,"column":8},"end":{"line":303,"column":82},"skip":true},"70":{"start":{"line":306,"column":8},"end":{"line":308,"column":9},"skip":true},"71":{"start":{"line":307,"column":12},"end":{"line":307,"column":82},"skip":true},"72":{"start":{"line":310,"column":8},"end":{"line":312,"column":9},"skip":true},"73":{"start":{"line":311,"column":12},"end":{"line":311,"column":18},"skip":true},"74":{"start":{"line":313,"column":8},"end":{"line":313,"column":54},"skip":true},"75":{"start":{"line":314,"column":8},"end":{"line":314,"column":69},"skip":true},"76":{"start":{"line":315,"column":8},"end":{"line":323,"column":36},"skip":true},"77":{"start":{"line":316,"column":12},"end":{"line":316,"column":61},"skip":true},"78":{"start":{"line":317,"column":12},"end":{"line":320,"column":13},"skip":true},"79":{"start":{"line":318,"column":16},"end":{"line":318,"column":75},"skip":true},"80":{"start":{"line":319,"column":16},"end":{"line":319,"column":23},"skip":true},"81":{"start":{"line":321,"column":12},"end":{"line":321,"column":38},"skip":true},"82":{"start":{"line":322,"column":12},"end":{"line":322,"column":27},"skip":true},"83":{"start":{"line":324,"column":8},"end":{"line":324,"column":14},"skip":true}},"branchMap":{"1":{"line":39,"type":"binary-expr","locations":[{"start":{"line":39,"column":23},"end":{"line":39,"column":62}},{"start":{"line":40,"column":20},"end":{"line":40,"column":70}},{"start":{"line":41,"column":20},"end":{"line":41,"column":71}},{"start":{"line":42,"column":20},"end":{"line":42,"column":29}}]},"2":{"line":44,"type":"binary-expr","locations":[{"start":{"line":44,"column":23},"end":{"line":44,"column":37}},{"start":{"line":45,"column":20},"end":{"line":45,"column":61}},{"start":{"line":46,"column":20},"end":{"line":46,"column":70}},{"start":{"line":47,"column":20},"end":{"line":47,"column":26}}]},"3":{"line":51,"type":"cond-expr","locations":[{"start":{"line":52,"column":14},"end":{"line":52,"column":20}},{"start":{"line":53,"column":14},"end":{"line":53,"column":20}}]},"4":{"line":55,"type":"binary-expr","locations":[{"start":{"line":55,"column":16},"end":{"line":55,"column":44}},{"start":{"line":55,"column":49},"end":{"line":57,"column":43}}]},"5":{"line":55,"type":"cond-expr","locations":[{"start":{"line":56,"column":14},"end":{"line":56,"column":54}},{"start":{"line":57,"column":14},"end":{"line":57,"column":43}}]},"6":{"line":61,"type":"switch","locations":[{"start":{"line":68,"column":4},"end":{"line":150,"column":14},"skip":true},{"start":{"line":156,"column":4},"end":{"line":324,"column":14},"skip":true}]},"7":{"line":70,"type":"if","locations":[{"start":{"line":70,"column":12},"end":{"line":70,"column":12},"skip":true},{"start":{"line":70,"column":12},"end":{"line":70,"column":12},"skip":true}]},"8":{"line":70,"type":"binary-expr","locations":[{"start":{"line":70,"column":16},"end":{"line":70,"column":22},"skip":true},{"start":{"line":70,"column":27},"end":{"line":70,"column":32},"skip":true},{"start":{"line":71,"column":20},"end":{"line":71,"column":39},"skip":true},{"start":{"line":72,"column":20},"end":{"line":72,"column":49},"skip":true},{"start":{"line":73,"column":20},"end":{"line":73,"column":58},"skip":true},{"start":{"line":74,"column":20},"end":{"line":74,"column":69},"skip":true}]},"9":{"line":79,"type":"switch","locations":[{"start":{"line":80,"column":20},"end":{"line":80,"column":33},"skip":true},{"start":{"line":81,"column":20},"end":{"line":83,"column":30},"skip":true},{"start":{"line":84,"column":20},"end":{"line":85,"column":49},"skip":true}]},"10":{"line":89,"type":"switch","locations":[{"start":{"line":90,"column":12},"end":{"line":103,"column":22},"skip":true},{"start":{"line":105,"column":12},"end":{"line":106,"column":22},"skip":true}]},"11":{"line":89,"type":"binary-expr","locations":[{"start":{"line":89,"column":20},"end":{"line":89,"column":25},"skip":true},{"start":{"line":89,"column":29},"end":{"line":89,"column":48},"skip":true},{"start":{"line":89,"column":52},"end":{"line":89,"column":74},"skip":true}]},"12":{"line":92,"type":"if","locations":[{"start":{"line":92,"column":16},"end":{"line":92,"column":16},"skip":true},{"start":{"line":92,"column":16},"end":{"line":92,"column":16},"skip":true}]},"13":{"line":108,"type":"if","locations":[{"start":{"line":108,"column":12},"end":{"line":108,"column":12},"skip":true},{"start":{"line":108,"column":12},"end":{"line":108,"column":12},"skip":true}]},"14":{"line":108,"type":"binary-expr","locations":[{"start":{"line":108,"column":16},"end":{"line":108,"column":61},"skip":true},{"start":{"line":108,"column":66},"end":{"line":108,"column":72},"skip":true},{"start":{"line":108,"column":77},"end":{"line":108,"column":82},"skip":true},{"start":{"line":109,"column":20},"end":{"line":109,"column":39},"skip":true},{"start":{"line":110,"column":20},"end":{"line":110,"column":49},"skip":true},{"start":{"line":111,"column":20},"end":{"line":111,"column":58},"skip":true},{"start":{"line":112,"column":20},"end":{"line":112,"column":68},"skip":true}]},"15":{"line":129,"type":"if","locations":[{"start":{"line":129,"column":16},"end":{"line":129,"column":16},"skip":true},{"start":{"line":129,"column":16},"end":{"line":129,"column":16},"skip":true}]},"16":{"line":134,"type":"cond-expr","locations":[{"start":{"line":135,"column":26},"end":{"line":135,"column":29},"skip":true},{"start":{"line":136,"column":26},"end":{"line":136,"column":54},"skip":true}]},"17":{"line":164,"type":"binary-expr","locations":[{"start":{"line":164,"column":27},"end":{"line":164,"column":43},"skip":true},{"start":{"line":164,"column":47},"end":{"line":164,"column":49},"skip":true}]},"18":{"line":258,"type":"if","locations":[{"start":{"line":258,"column":8},"end":{"line":258,"column":8},"skip":true},{"start":{"line":258,"column":8},"end":{"line":258,"column":8},"skip":true}]},"19":{"line":275,"type":"switch","locations":[{"start":{"line":276,"column":20},"end":{"line":277,"column":64},"skip":true},{"start":{"line":278,"column":20},"end":{"line":279,"column":40},"skip":true},{"start":{"line":280,"column":20},"end":{"line":281,"column":40},"skip":true},{"start":{"line":282,"column":20},"end":{"line":283,"column":39},"skip":true}]},"20":{"line":288,"type":"if","locations":[{"start":{"line":288,"column":8},"end":{"line":288,"column":8},"skip":true},{"start":{"line":288,"column":8},"end":{"line":288,"column":8},"skip":true}]},"21":{"line":288,"type":"binary-expr","locations":[{"start":{"line":288,"column":12},"end":{"line":288,"column":40},"skip":true},{"start":{"line":288,"column":44},"end":{"line":288,"column":67},"skip":true}]},"22":{"line":292,"type":"binary-expr","locations":[{"start":{"line":292,"column":12},"end":{"line":292,"column":50},"skip":true},{"start":{"line":293,"column":12},"end":{"line":293,"column":53},"skip":true}]},"23":{"line":297,"type":"binary-expr","locations":[{"start":{"line":297,"column":12},"end":{"line":297,"column":68},"skip":true},{"start":{"line":298,"column":12},"end":{"line":301,"column":36},"skip":true}]},"24":{"line":303,"type":"binary-expr","locations":[{"start":{"line":303,"column":43},"end":{"line":303,"column":75},"skip":true},{"start":{"line":303,"column":79},"end":{"line":303,"column":81},"skip":true}]},"25":{"line":306,"type":"if","locations":[{"start":{"line":306,"column":8},"end":{"line":306,"column":8},"skip":true},{"start":{"line":306,"column":8},"end":{"line":306,"column":8},"skip":true}]},"26":{"line":310,"type":"if","locations":[{"start":{"line":310,"column":8},"end":{"line":310,"column":8},"skip":true},{"start":{"line":310,"column":8},"end":{"line":310,"column":8},"skip":true}]},"27":{"line":313,"type":"binary-expr","locations":[{"start":{"line":313,"column":27},"end":{"line":313,"column":43},"skip":true},{"start":{"line":313,"column":47},"end":{"line":313,"column":53},"skip":true}]},"28":{"line":317,"type":"if","locations":[{"start":{"line":317,"column":12},"end":{"line":317,"column":12},"skip":true},{"start":{"line":317,"column":12},"end":{"line":317,"column":12},"skip":true}]}},"code":["/*","example.js","","quickstart example","","instruction","    1. save this script as example.js","    2. run the shell command:","        $ npm install npmtest-eventstore && PORT=8081 node example.js","    3. play with the browser-demo on http://127.0.0.1:8081","*/","","","","/* istanbul instrument in package npmtest_eventstore */","/*jslint","    bitwise: true,","    browser: true,","    maxerr: 8,","    maxlen: 96,","    node: true,","    nomen: true,","    regexp: true,","    stupid: true","*/","(function () {","    'use strict';","    var local;","","","","    // run shared js-env code - pre-init","    (function () {","        // init local","        local = {};","        // init modeJs","        local.modeJs = (function () {","            try {","                return typeof navigator.userAgent === 'string' &&","                    typeof document.querySelector('body') === 'object' &&","                    typeof XMLHttpRequest.prototype.open === 'function' &&","                    'browser';","            } catch (errorCaughtBrowser) {","                return module.exports &&","                    typeof process.versions.node === 'string' &&","                    typeof require('http').createServer === 'function' &&","                    'node';","            }","        }());","        // init global","        local.global = local.modeJs === 'browser'","            ? window","            : global;","        // init utility2_rollup","        local = local.global.utility2_rollup || (local.modeJs === 'browser'","            ? local.global.utility2_npmtest_eventstore","            : global.utility2_moduleExports);","        // export local","        local.global.local = local;","    }());","    switch (local.modeJs) {","","","","    // post-init","    // run browser js-env code - post-init","    /* istanbul ignore next */","    case 'browser':","        local.testRunBrowser = function (event) {","            if (!event || (event &&","                    event.currentTarget &&","                    event.currentTarget.className &&","                    event.currentTarget.className.includes &&","                    event.currentTarget.className.includes('onreset'))) {","                // reset output","                Array.from(","                    document.querySelectorAll('body > .resettable')","                ).forEach(function (element) {","                    switch (element.tagName) {","                    case 'INPUT':","                    case 'TEXTAREA':","                        element.value = '';","                        break;","                    default:","                        element.textContent = '';","                    }","                });","            }","            switch (event && event.currentTarget && event.currentTarget.id) {","            case 'testRunButton1':","                // show tests","                if (document.querySelector('#testReportDiv1').style.display === 'none') {","                    document.querySelector('#testReportDiv1').style.display = 'block';","                    document.querySelector('#testRunButton1').textContent =","                        'hide internal test';","                    local.modeTest = true;","                    local.testRunDefault(local);","                // hide tests","                } else {","                    document.querySelector('#testReportDiv1').style.display = 'none';","                    document.querySelector('#testRunButton1').textContent = 'run internal test';","                }","                break;","            // custom-case","            default:","                break;","            }","            if (document.querySelector('#inputTextareaEval1') && (!event || (event &&","                    event.currentTarget &&","                    event.currentTarget.className &&","                    event.currentTarget.className.includes &&","                    event.currentTarget.className.includes('oneval')))) {","                // try to eval input-code","                try {","                    /*jslint evil: true*/","                    eval(document.querySelector('#inputTextareaEval1').value);","                } catch (errorCaught) {","                    console.error(errorCaught);","                }","            }","        };","        // log stderr and stdout to #outputTextareaStdout1","        ['error', 'log'].forEach(function (key) {","            console[key + '_original'] = console[key];","            console[key] = function () {","                var element;","                console[key + '_original'].apply(console, arguments);","                element = document.querySelector('#outputTextareaStdout1');","                if (!element) {","                    return;","                }","                // append text to #outputTextareaStdout1","                element.value += Array.from(arguments).map(function (arg) {","                    return typeof arg === 'string'","                        ? arg","                        : JSON.stringify(arg, null, 4);","                }).join(' ') + '\\n';","                // scroll textarea to bottom","                element.scrollTop = element.scrollHeight;","            };","        });","        // init event-handling","        ['change', 'click', 'keyup'].forEach(function (event) {","            Array.from(document.querySelectorAll('.on' + event)).forEach(function (element) {","                element.addEventListener(event, local.testRunBrowser);","            });","        });","        // run tests","        local.testRunBrowser();","        break;","","","","    // run node js-env code - post-init","    /* istanbul ignore next */","    case 'node':","        // export local","        module.exports = local;","        // require modules","        local.fs = require('fs');","        local.http = require('http');","        local.url = require('url');","        // init assets","        local.assetsDict = local.assetsDict || {};","        /* jslint-ignore-begin */","        local.assetsDict['/assets.index.template.html'] = '\\","<!doctype html>\\n\\","<html lang=\"en\">\\n\\","<head>\\n\\","<meta charset=\"UTF-8\">\\n\\","<meta name=\"viewport\" content=\"width=device-width, initial-scale=1\">\\n\\","<title>{{env.npm_package_name}} (v{{env.npm_package_version}})</title>\\n\\","<style>\\n\\","/*csslint\\n\\","    box-sizing: false,\\n\\","    universal-selector: false\\n\\","*/\\n\\","* {\\n\\","    box-sizing: border-box;\\n\\","}\\n\\","body {\\n\\","    background: #dde;\\n\\","    font-family: Arial, Helvetica, sans-serif;\\n\\","    margin: 2rem;\\n\\","}\\n\\","body > * {\\n\\","    margin-bottom: 1rem;\\n\\","}\\n\\",".utility2FooterDiv {\\n\\","    margin-top: 20px;\\n\\","    text-align: center;\\n\\","}\\n\\","</style>\\n\\","<style>\\n\\","/*csslint\\n\\","*/\\n\\","textarea {\\n\\","    font-family: monospace;\\n\\","    height: 10rem;\\n\\","    width: 100%;\\n\\","}\\n\\","textarea[readonly] {\\n\\","    background: #ddd;\\n\\","}\\n\\","</style>\\n\\","</head>\\n\\","<body>\\n\\","<!-- utility2-comment\\n\\","<div id=\"ajaxProgressDiv1\" style=\"background: #d00; height: 2px; left: 0; margin: 0; padding: 0; position: fixed; top: 0; transition: background 0.5s, width 1.5s; width: 25%;\"></div>\\n\\","utility2-comment -->\\n\\","<h1>\\n\\","<!-- utility2-comment\\n\\","    <a\\n\\","        {{#if env.npm_package_homepage}}\\n\\","        href=\"{{env.npm_package_homepage}}\"\\n\\","        {{/if env.npm_package_homepage}}\\n\\","        target=\"_blank\"\\n\\","    >\\n\\","utility2-comment -->\\n\\","        {{env.npm_package_name}} (v{{env.npm_package_version}})\\n\\","<!-- utility2-comment\\n\\","    </a>\\n\\","utility2-comment -->\\n\\","</h1>\\n\\","<h3>{{env.npm_package_description}}</h3>\\n\\","<!-- utility2-comment\\n\\","<h4><a download href=\"assets.app.js\">download standalone app</a></h4>\\n\\","<button class=\"onclick onreset\" id=\"testRunButton1\">run internal test</button><br>\\n\\","<div id=\"testReportDiv1\" style=\"display: none;\"></div>\\n\\","utility2-comment -->\\n\\","\\n\\","\\n\\","\\n\\","<label>stderr and stdout</label>\\n\\","<textarea class=\"resettable\" id=\"outputTextareaStdout1\" readonly></textarea>\\n\\","<!-- utility2-comment\\n\\","{{#if isRollup}}\\n\\","<script src=\"assets.app.js\"></script>\\n\\","{{#unless isRollup}}\\n\\","utility2-comment -->\\n\\","<script src=\"assets.utility2.rollup.js\"></script>\\n\\","<script src=\"jsonp.utility2._stateInit?callback=window.utility2._stateInit\"></script>\\n\\","<script src=\"assets.npmtest_eventstore.rollup.js\"></script>\\n\\","<script src=\"assets.example.js\"></script>\\n\\","<script src=\"assets.test.js\"></script>\\n\\","<!-- utility2-comment\\n\\","{{/if isRollup}}\\n\\","utility2-comment -->\\n\\","<div class=\"utility2FooterDiv\">\\n\\","    [ this app was created with\\n\\","    <a href=\"https://github.com/kaizhu256/node-utility2\" target=\"_blank\">utility2</a>\\n\\","    ]\\n\\","</div>\\n\\","</body>\\n\\","</html>\\n\\","';","        /* jslint-ignore-end */","        if (local.templateRender) {","            local.assetsDict['/'] = local.templateRender(","                local.assetsDict['/assets.index.template.html'],","                {","                    env: local.objectSetDefault(local.env, {","                        npm_package_description: 'the greatest app in the world!',","                        npm_package_name: 'my-app',","                        npm_package_nameAlias: 'my_app',","                        npm_package_version: '0.0.1'","                    })","                }","            );","        } else {","            local.assetsDict['/'] = local.assetsDict['/assets.index.template.html']","                .replace((/\\{\\{env\\.(\\w+?)\\}\\}/g), function (match0, match1) {","                    // jslint-hack","                    String(match0);","                    switch (match1) {","                    case 'npm_package_description':","                        return 'the greatest app in the world!';","                    case 'npm_package_name':","                        return 'my-app';","                    case 'npm_package_nameAlias':","                        return 'my_app';","                    case 'npm_package_version':","                        return '0.0.1';","                    }","                });","        }","        // run the cli","        if (local.global.utility2_rollup || module !== require.main) {","            break;","        }","        local.assetsDict['/assets.example.js'] =","            local.assetsDict['/assets.example.js'] ||","            local.fs.readFileSync(__filename, 'utf8');","        // bug-workaround - long $npm_package_buildCustomOrg","        /* jslint-ignore-begin */","        local.assetsDict['/assets.npmtest_eventstore.rollup.js'] =","            local.assetsDict['/assets.npmtest_eventstore.rollup.js'] ||","            local.fs.readFileSync(","                local.npmtest_eventstore.__dirname + '/lib.npmtest_eventstore.js',","                'utf8'","            ).replace((/^#!/), '//');","        /* jslint-ignore-end */","        local.assetsDict['/favicon.ico'] = local.assetsDict['/favicon.ico'] || '';","        // if $npm_config_timeout_exit exists,","        // then exit this process after $npm_config_timeout_exit ms","        if (Number(process.env.npm_config_timeout_exit)) {","            setTimeout(process.exit, Number(process.env.npm_config_timeout_exit));","        }","        // start server","        if (local.global.utility2_serverHttp1) {","            break;","        }","        process.env.PORT = process.env.PORT || '8081';","        console.error('server starting on port ' + process.env.PORT);","        local.http.createServer(function (request, response) {","            request.urlParsed = local.url.parse(request.url);","            if (local.assetsDict[request.urlParsed.pathname] !== undefined) {","                response.end(local.assetsDict[request.urlParsed.pathname]);","                return;","            }","            response.statusCode = 404;","            response.end();","        }).listen(process.env.PORT);","        break;","    }","}());",""],"l":{"26":2,"28":2,"33":2,"35":2,"37":2,"38":2,"39":2,"44":1,"51":2,"55":2,"59":2,"61":2,"69":1,"70":2,"76":2,"79":2,"82":2,"83":2,"85":1,"89":2,"92":1,"93":1,"94":1,"96":1,"97":1,"100":1,"101":1,"103":1,"106":1,"108":2,"114":1,"116":1,"118":1,"123":1,"124":2,"125":2,"126":3,"127":3,"128":3,"129":3,"130":1,"133":3,"134":3,"139":3,"143":1,"144":3,"145":1,"149":1,"150":1,"158":1,"160":1,"161":1,"162":1,"164":1,"166":1,"258":1,"259":1,"271":1,"274":6,"275":6,"277":1,"279":2,"281":1,"283":2,"288":1,"289":1,"291":1,"296":1,"303":1,"306":1,"307":1,"310":1,"311":1,"313":1,"314":1,"315":1,"316":1,"317":1,"318":1,"319":1,"321":1,"322":1,"324":1}},"/home/travis/build/npmtest/node-npmtest-eventstore/node_modules/eventstore/index.js":{"path":"/home/travis/build/npmtest/node-npmtest-eventstore/node_modules/eventstore/index.js","s":{"1":1,"2":1,"3":0,"4":0,"5":0,"6":0,"7":0,"8":0,"9":0,"10":0,"11":0,"12":0,"13":0,"14":0,"15":0,"16":0,"17":0,"18":0,"19":0,"20":0,"21":0,"22":0,"23":0,"24":1,"25":0,"26":0,"27":0,"28":0,"29":0,"30":0,"31":1},"b":{"1":[0,0],"2":[0,0],"3":[0,0],"4":[0,0],"5":[0,0],"6":[0,0],"7":[0,0,0],"8":[0,0]},"f":{"1":0,"2":0},"fnMap":{"1":{"name":"getSpecificStore","line":8,"loc":{"start":{"line":8,"column":0},"end":{"line":8,"column":35}}},"2":{"name":"(anonymous_2)","line":49,"loc":{"start":{"line":49,"column":17},"end":{"line":49,"column":35}}}},"statementMap":{"1":{"start":{"line":3,"column":0},"end":{"line":6,"column":41}},"2":{"start":{"line":8,"column":0},"end":{"line":47,"column":1}},"3":{"start":{"line":9,"column":2},"end":{"line":9,"column":26}},"4":{"start":{"line":11,"column":2},"end":{"line":11,"column":44}},"5":{"start":{"line":13,"column":2},"end":{"line":15,"column":3}},"6":{"start":{"line":14,"column":4},"end":{"line":14,"column":24}},"7":{"start":{"line":17,"column":2},"end":{"line":17,"column":44}},"8":{"start":{"line":19,"column":2},"end":{"line":19,"column":68}},"9":{"start":{"line":21,"column":2},"end":{"line":21,"column":70}},"10":{"start":{"line":22,"column":2},"end":{"line":27,"column":3}},"11":{"start":{"line":23,"column":4},"end":{"line":23,"column":80}},"12":{"start":{"line":24,"column":4},"end":{"line":24,"column":24}},"13":{"start":{"line":25,"column":4},"end":{"line":25,"column":18}},"14":{"start":{"line":26,"column":4},"end":{"line":26,"column":28}},"15":{"start":{"line":29,"column":2},"end":{"line":46,"column":3}},"16":{"start":{"line":30,"column":4},"end":{"line":30,"column":29}},"17":{"start":{"line":31,"column":4},"end":{"line":31,"column":14}},"18":{"start":{"line":34,"column":4},"end":{"line":43,"column":5}},"19":{"start":{"line":38,"column":6},"end":{"line":38,"column":105}},"20":{"start":{"line":39,"column":6},"end":{"line":40,"column":67}},"21":{"start":{"line":41,"column":6},"end":{"line":41,"column":23}},"22":{"start":{"line":42,"column":6},"end":{"line":42,"column":17}},"23":{"start":{"line":45,"column":4},"end":{"line":45,"column":14}},"24":{"start":{"line":49,"column":0},"end":{"line":61,"column":2}},"25":{"start":{"line":50,"column":2},"end":{"line":50,"column":26}},"26":{"start":{"line":52,"column":2},"end":{"line":52,"column":12}},"27":{"start":{"line":54,"column":2},"end":{"line":58,"column":3}},"28":{"start":{"line":55,"column":4},"end":{"line":55,"column":38}},"29":{"start":{"line":57,"column":4},"end":{"line":57,"column":14}},"30":{"start":{"line":60,"column":2},"end":{"line":60,"column":53}},"31":{"start":{"line":63,"column":0},"end":{"line":63,"column":28}}},"branchMap":{"1":{"line":9,"type":"binary-expr","locations":[{"start":{"line":9,"column":12},"end":{"line":9,"column":19}},{"start":{"line":9,"column":23},"end":{"line":9,"column":25}}]},"2":{"line":11,"type":"binary-expr","locations":[{"start":{"line":11,"column":17},"end":{"line":11,"column":29}},{"start":{"line":11,"column":33},"end":{"line":11,"column":43}}]},"3":{"line":13,"type":"if","locations":[{"start":{"line":13,"column":2},"end":{"line":13,"column":2}},{"start":{"line":13,"column":2},"end":{"line":13,"column":2}}]},"4":{"line":21,"type":"binary-expr","locations":[{"start":{"line":21,"column":15},"end":{"line":21,"column":39}},{"start":{"line":21,"column":43},"end":{"line":21,"column":69}}]},"5":{"line":22,"type":"if","locations":[{"start":{"line":22,"column":2},"end":{"line":22,"column":2}},{"start":{"line":22,"column":2},"end":{"line":22,"column":2}}]},"6":{"line":34,"type":"if","locations":[{"start":{"line":34,"column":4},"end":{"line":34,"column":4}},{"start":{"line":34,"column":4},"end":{"line":34,"column":4}}]},"7":{"line":34,"type":"binary-expr","locations":[{"start":{"line":34,"column":8},"end":{"line":34,"column":54}},{"start":{"line":35,"column":6},"end":{"line":35,"column":34}},{"start":{"line":36,"column":6},"end":{"line":36,"column":63}}]},"8":{"line":50,"type":"binary-expr","locations":[{"start":{"line":50,"column":12},"end":{"line":50,"column":19}},{"start":{"line":50,"column":23},"end":{"line":50,"column":25}}]}},"code":["'use strict';","","var Eventstore = require('./lib/eventstore'),","  Base = require('./lib/base'),","  _ = require('lodash'),","  debug = require('debug')('eventstore');","","function getSpecificStore(options) {","  options = options || {};","","  options.type = options.type || 'inmemory';","","  if (_.isFunction(options.type)) {","    return options.type;","  }","","  options.type = options.type.toLowerCase();","","  var dbPath = __dirname + \"/lib/databases/\" + options.type + \".js\";","","  var exists = require('fs').existsSync || require('path').existsSync;","  if (!exists(dbPath)) {","    var errMsg = 'Implementation for db \"' + options.type + '\" does not exist!';","    console.log(errMsg);","    debug(errMsg);","    throw new Error(errMsg);","  }","","  try {","    var db = require(dbPath);","    return db;","  } catch (err) {","","    if (err.message.indexOf('Cannot find module') >= 0 &&","      err.message.indexOf(\"'\") > 0 &&","      err.message.lastIndexOf(\"'\") !== err.message.indexOf(\"'\")) {","","      var moduleName = err.message.substring(err.message.indexOf(\"'\") + 1, err.message.lastIndexOf(\"'\"));","      var msg = 'Please install module \"' + moduleName +","        '\" to work with db implementation \"' + options.type + '\"!';","      console.log(msg);","      debug(msg);","    }","","    throw err;","  }","}","","module.exports = function(options) {","  options = options || {};","","  var Store;","","  try {","    Store = getSpecificStore(options);","  } catch (err) {","    throw err;","  }","","  return new Eventstore(options, new Store(options));","};","","module.exports.Store = Base;",""],"l":{"3":1,"8":1,"9":0,"11":0,"13":0,"14":0,"17":0,"19":0,"21":0,"22":0,"23":0,"24":0,"25":0,"26":0,"29":0,"30":0,"31":0,"34":0,"38":0,"39":0,"41":0,"42":0,"45":0,"49":1,"50":0,"52":0,"54":0,"55":0,"57":0,"60":0,"63":1}},"/home/travis/build/npmtest/node-npmtest-eventstore/node_modules/eventstore/lib/eventstore.js":{"path":"/home/travis/build/npmtest/node-npmtest-eventstore/node_modules/eventstore/lib/eventstore.js","s":{"1":1,"2":1,"3":0,"4":0,"5":0,"6":0,"7":1,"8":1,"9":0,"10":0,"11":0,"12":0,"13":0,"14":0,"15":0,"16":0,"17":0,"18":0,"19":0,"20":0,"21":0,"22":1,"23":0,"24":0,"25":0,"26":0,"27":0,"28":0,"29":0,"30":0,"31":0,"32":0,"33":0,"34":0,"35":0,"36":0,"37":0,"38":0,"39":0,"40":0,"41":0,"42":0,"43":0,"44":0,"45":0,"46":0,"47":0,"48":0,"49":0,"50":0,"51":0,"52":0,"53":0,"54":0,"55":0,"56":0,"57":0,"58":0,"59":0,"60":0,"61":0,"62":0,"63":0,"64":0,"65":0,"66":0,"67":0,"68":0,"69":0,"70":0,"71":0,"72":0,"73":0,"74":0,"75":0,"76":0,"77":0,"78":0,"79":0,"80":0,"81":0,"82":0,"83":0,"84":0,"85":0,"86":0,"87":0,"88":0,"89":0,"90":0,"91":0,"92":0,"93":0,"94":0,"95":0,"96":0,"97":0,"98":0,"99":0,"100":0,"101":0,"102":0,"103":0,"104":0,"105":0,"106":0,"107":0,"108":0,"109":0,"110":0,"111":0,"112":0,"113":0,"114":0,"115":0,"116":0,"117":0,"118":0,"119":0,"120":0,"121":0,"122":0,"123":0,"124":0,"125":0,"126":0,"127":0,"128":0,"129":0,"130":0,"131":0,"132":0,"133":0,"134":0,"135":0,"136":0,"137":0,"138":0,"139":0,"140":0,"141":0,"142":0,"143":0,"144":0,"145":0,"146":0,"147":0,"148":0,"149":0,"150":0,"151":0,"152":0,"153":0,"154":0,"155":0,"156":0,"157":0,"158":0,"159":0,"160":0,"161":0,"162":0,"163":0,"164":0,"165":0,"166":0,"167":0,"168":0,"169":0,"170":0,"171":0,"172":0,"173":0,"174":0,"175":0,"176":0,"177":0,"178":0,"179":0,"180":0,"181":0,"182":0,"183":0,"184":0,"185":0,"186":0,"187":0,"188":0,"189":0,"190":0,"191":0,"192":0,"193":0,"194":0,"195":0,"196":0,"197":0,"198":0,"199":0,"200":0,"201":0,"202":0,"203":0,"204":0,"205":0,"206":0,"207":0,"208":0,"209":0,"210":0,"211":0,"212":0,"213":0,"214":0,"215":0,"216":0,"217":0,"218":0,"219":0,"220":0,"221":0,"222":0,"223":0,"224":0,"225":0,"226":0,"227":0,"228":0,"229":0,"230":0,"231":0,"232":0,"233":1},"b":{"1":[0,0],"2":[0,0],"3":[0,0],"4":[0,0],"5":[0,0],"6":[0,0],"7":[0,0],"8":[0,0],"9":[0,0],"10":[0,0],"11":[0,0],"12":[0,0],"13":[0,0],"14":[0,0],"15":[0,0],"16":[0,0],"17":[0,0],"18":[0,0],"19":[0,0],"20":[0,0],"21":[0,0],"22":[0,0],"23":[0,0],"24":[0,0],"25":[0,0],"26":[0,0],"27":[0,0],"28":[0,0],"29":[0,0],"30":[0,0],"31":[0,0],"32":[0,0],"33":[0,0],"34":[0,0],"35":[0,0],"36":[0,0],"37":[0,0],"38":[0,0],"39":[0,0,0],"40":[0,0],"41":[0,0],"42":[0,0],"43":[0,0],"44":[0,0],"45":[0,0],"46":[0,0],"47":[0,0],"48":[0,0],"49":[0,0],"50":[0,0],"51":[0,0],"52":[0,0],"53":[0,0],"54":[0,0],"55":[0,0],"56":[0,0],"57":[0,0],"58":[0,0],"59":[0,0]},"f":{"1":0,"2":0,"3":0,"4":0,"5":0,"6":0,"7":0,"8":0,"9":0,"10":0,"11":0,"12":0,"13":0,"14":0,"15":0,"16":0,"17":0,"18":0,"19":0,"20":0,"21":0,"22":0,"23":0,"24":0,"25":0,"26":0,"27":0,"28":0,"29":0,"30":0,"31":0,"32":0,"33":0,"34":0,"35":0,"36":0,"37":0,"38":0,"39":0,"40":0},"fnMap":{"1":{"name":"Eventstore","line":19,"loc":{"start":{"line":19,"column":0},"end":{"line":19,"column":36}}},"2":{"name":"(anonymous_2)","line":37,"loc":{"start":{"line":37,"column":21},"end":{"line":37,"column":35}}},"3":{"name":"(anonymous_3)","line":39,"loc":{"start":{"line":39,"column":22},"end":{"line":39,"column":52}}},"4":{"name":"(anonymous_4)","line":62,"loc":{"start":{"line":62,"column":23},"end":{"line":62,"column":43}}},"5":{"name":"(anonymous_5)","line":79,"loc":{"start":{"line":79,"column":8},"end":{"line":79,"column":28}}},"6":{"name":"initDispatcher","line":82,"loc":{"start":{"line":82,"column":4},"end":{"line":82,"column":30}}},"7":{"name":"(anonymous_7)","line":88,"loc":{"start":{"line":88,"column":29},"end":{"line":88,"column":41}}},"8":{"name":"(anonymous_8)","line":92,"loc":{"start":{"line":92,"column":32},"end":{"line":92,"column":44}}},"9":{"name":"(anonymous_9)","line":96,"loc":{"start":{"line":96,"column":21},"end":{"line":96,"column":32}}},"10":{"name":"(anonymous_10)","line":97,"loc":{"start":{"line":97,"column":15},"end":{"line":97,"column":34}}},"11":{"name":"(anonymous_11)","line":99,"loc":{"start":{"line":99,"column":36},"end":{"line":99,"column":51}}},"12":{"name":"(anonymous_12)","line":123,"loc":{"start":{"line":123,"column":13},"end":{"line":123,"column":53}}},"13":{"name":"(anonymous_13)","line":153,"loc":{"start":{"line":153,"column":45},"end":{"line":153,"column":66}}},"14":{"name":"nextFn","line":157,"loc":{"start":{"line":157,"column":18},"end":{"line":157,"column":44}}},"15":{"name":"(anonymous_15)","line":161,"loc":{"start":{"line":161,"column":34},"end":{"line":161,"column":46}}},"16":{"name":"(anonymous_16)","line":179,"loc":{"start":{"line":179,"column":18},"end":{"line":179,"column":64}}},"17":{"name":"(anonymous_17)","line":199,"loc":{"start":{"line":199,"column":56},"end":{"line":199,"column":77}}},"18":{"name":"nextFn","line":203,"loc":{"start":{"line":203,"column":18},"end":{"line":203,"column":44}}},"19":{"name":"(anonymous_19)","line":207,"loc":{"start":{"line":207,"column":34},"end":{"line":207,"column":46}}},"20":{"name":"(anonymous_20)","line":225,"loc":{"start":{"line":225,"column":23},"end":{"line":225,"column":66}}},"21":{"name":"(anonymous_21)","line":257,"loc":{"start":{"line":257,"column":18},"end":{"line":257,"column":61}}},"22":{"name":"(anonymous_22)","line":280,"loc":{"start":{"line":280,"column":52},"end":{"line":280,"column":72}}},"23":{"name":"(anonymous_23)","line":295,"loc":{"start":{"line":295,"column":19},"end":{"line":295,"column":54}}},"24":{"name":"getSnapshot","line":316,"loc":{"start":{"line":316,"column":6},"end":{"line":316,"column":37}}},"25":{"name":"getEventStream","line":320,"loc":{"start":{"line":320,"column":6},"end":{"line":320,"column":46}}},"26":{"name":"(anonymous_26)","line":327,"loc":{"start":{"line":327,"column":48},"end":{"line":327,"column":70}}},"27":{"name":"(anonymous_27)","line":349,"loc":{"start":{"line":349,"column":18},"end":{"line":349,"column":42}}},"28":{"name":"getNewIdFromStorage","line":366,"loc":{"start":{"line":366,"column":8},"end":{"line":366,"column":47}}},"29":{"name":"commit","line":369,"loc":{"start":{"line":369,"column":8},"end":{"line":369,"column":38}}},"30":{"name":"(anonymous_30)","line":377,"loc":{"start":{"line":377,"column":39},"end":{"line":377,"column":55}}},"31":{"name":"(anonymous_31)","line":395,"loc":{"start":{"line":395,"column":10},"end":{"line":395,"column":42}}},"32":{"name":"getNewCommitId","line":401,"loc":{"start":{"line":401,"column":6},"end":{"line":401,"column":40}}},"33":{"name":"commitEvents","line":405,"loc":{"start":{"line":405,"column":6},"end":{"line":405,"column":42}}},"34":{"name":"(anonymous_34)","line":424,"loc":{"start":{"line":424,"column":48},"end":{"line":424,"column":62}}},"35":{"name":"(anonymous_35)","line":456,"loc":{"start":{"line":456,"column":25},"end":{"line":456,"column":52}}},"36":{"name":"(anonymous_36)","line":475,"loc":{"start":{"line":475,"column":16},"end":{"line":475,"column":43}}},"37":{"name":"(anonymous_37)","line":494,"loc":{"start":{"line":494,"column":24},"end":{"line":494,"column":51}}},"38":{"name":"(anonymous_38)","line":506,"loc":{"start":{"line":506,"column":35},"end":{"line":506,"column":55}}},"39":{"name":"(anonymous_39)","line":518,"loc":{"start":{"line":518,"column":24},"end":{"line":518,"column":53}}},"40":{"name":"(anonymous_40)","line":529,"loc":{"start":{"line":529,"column":12},"end":{"line":529,"column":32}}}},"statementMap":{"1":{"start":{"line":3,"column":0},"end":{"line":11,"column":35}},"2":{"start":{"line":19,"column":0},"end":{"line":26,"column":1}},"3":{"start":{"line":20,"column":2},"end":{"line":20,"column":31}},"4":{"start":{"line":21,"column":2},"end":{"line":21,"column":21}},"5":{"start":{"line":23,"column":2},"end":{"line":23,"column":26}},"6":{"start":{"line":25,"column":2},"end":{"line":25,"column":26}},"7":{"start":{"line":28,"column":0},"end":{"line":28,"column":40}},"8":{"start":{"line":30,"column":0},"end":{"line":533,"column":3}},"9":{"start":{"line":38,"column":4},"end":{"line":43,"column":5}},"10":{"start":{"line":39,"column":6},"end":{"line":42,"column":9}},"11":{"start":{"line":40,"column":8},"end":{"line":40,"column":18}},"12":{"start":{"line":41,"column":8},"end":{"line":41,"column":23}},"13":{"start":{"line":45,"column":4},"end":{"line":45,"column":24}},"14":{"start":{"line":47,"column":4},"end":{"line":47,"column":16}},"15":{"start":{"line":63,"column":4},"end":{"line":67,"column":5}},"16":{"start":{"line":64,"column":6},"end":{"line":64,"column":65}},"17":{"start":{"line":65,"column":6},"end":{"line":65,"column":17}},"18":{"start":{"line":66,"column":6},"end":{"line":66,"column":16}},"19":{"start":{"line":69,"column":4},"end":{"line":69,"column":34}},"20":{"start":{"line":71,"column":4},"end":{"line":71,"column":16}},"21":{"start":{"line":80,"column":4},"end":{"line":80,"column":20}},"22":{"start":{"line":82,"column":4},"end":{"line":86,"column":5}},"23":{"start":{"line":83,"column":6},"end":{"line":83,"column":37}},"24":{"start":{"line":84,"column":6},"end":{"line":84,"column":66}},"25":{"start":{"line":85,"column":6},"end":{"line":85,"column":38}},"26":{"start":{"line":88,"column":4},"end":{"line":90,"column":7}},"27":{"start":{"line":89,"column":6},"end":{"line":89,"column":27}},"28":{"start":{"line":92,"column":4},"end":{"line":94,"column":7}},"29":{"start":{"line":93,"column":6},"end":{"line":93,"column":30}},"30":{"start":{"line":96,"column":4},"end":{"line":112,"column":7}},"31":{"start":{"line":97,"column":6},"end":{"line":111,"column":9}},"32":{"start":{"line":98,"column":8},"end":{"line":98,"column":37}},"33":{"start":{"line":100,"column":8},"end":{"line":104,"column":9}},"34":{"start":{"line":101,"column":10},"end":{"line":101,"column":21}},"35":{"start":{"line":102,"column":10},"end":{"line":102,"column":38}},"36":{"start":{"line":102,"column":24},"end":{"line":102,"column":38}},"37":{"start":{"line":103,"column":10},"end":{"line":103,"column":17}},"38":{"start":{"line":105,"column":8},"end":{"line":109,"column":9}},"39":{"start":{"line":106,"column":10},"end":{"line":106,"column":40}},"40":{"start":{"line":107,"column":10},"end":{"line":107,"column":39}},"41":{"start":{"line":107,"column":24},"end":{"line":107,"column":39}},"42":{"start":{"line":108,"column":10},"end":{"line":108,"column":17}},"43":{"start":{"line":110,"column":8},"end":{"line":110,"column":25}},"44":{"start":{"line":124,"column":4},"end":{"line":145,"column":5}},"45":{"start":{"line":125,"column":6},"end":{"line":125,"column":23}},"46":{"start":{"line":126,"column":6},"end":{"line":126,"column":15}},"47":{"start":{"line":127,"column":6},"end":{"line":127,"column":17}},"48":{"start":{"line":128,"column":6},"end":{"line":128,"column":17}},"49":{"start":{"line":129,"column":11},"end":{"line":145,"column":5}},"50":{"start":{"line":130,"column":6},"end":{"line":130,"column":22}},"51":{"start":{"line":131,"column":6},"end":{"line":131,"column":15}},"52":{"start":{"line":132,"column":6},"end":{"line":132,"column":17}},"53":{"start":{"line":133,"column":6},"end":{"line":136,"column":7}},"54":{"start":{"line":134,"column":8},"end":{"line":134,"column":21}},"55":{"start":{"line":135,"column":8},"end":{"line":135,"column":19}},"56":{"start":{"line":137,"column":11},"end":{"line":145,"column":5}},"57":{"start":{"line":138,"column":6},"end":{"line":138,"column":23}},"58":{"start":{"line":139,"column":6},"end":{"line":139,"column":17}},"59":{"start":{"line":140,"column":6},"end":{"line":144,"column":7}},"60":{"start":{"line":141,"column":8},"end":{"line":141,"column":21}},"61":{"start":{"line":142,"column":8},"end":{"line":142,"column":21}},"62":{"start":{"line":143,"column":8},"end":{"line":143,"column":19}},"63":{"start":{"line":147,"column":4},"end":{"line":149,"column":5}},"64":{"start":{"line":148,"column":6},"end":{"line":148,"column":37}},"65":{"start":{"line":151,"column":4},"end":{"line":151,"column":20}},"66":{"start":{"line":153,"column":4},"end":{"line":168,"column":7}},"67":{"start":{"line":154,"column":6},"end":{"line":156,"column":7}},"68":{"start":{"line":155,"column":8},"end":{"line":155,"column":29}},"69":{"start":{"line":157,"column":6},"end":{"line":165,"column":8}},"70":{"start":{"line":158,"column":8},"end":{"line":162,"column":9}},"71":{"start":{"line":159,"column":10},"end":{"line":159,"column":27}},"72":{"start":{"line":160,"column":10},"end":{"line":160,"column":32}},"73":{"start":{"line":161,"column":10},"end":{"line":161,"column":75}},"74":{"start":{"line":161,"column":48},"end":{"line":161,"column":72}},"75":{"start":{"line":163,"column":8},"end":{"line":163,"column":22}},"76":{"start":{"line":164,"column":8},"end":{"line":164,"column":53}},"77":{"start":{"line":167,"column":6},"end":{"line":167,"column":27}},"78":{"start":{"line":180,"column":4},"end":{"line":184,"column":5}},"79":{"start":{"line":181,"column":6},"end":{"line":181,"column":59}},"80":{"start":{"line":182,"column":6},"end":{"line":182,"column":17}},"81":{"start":{"line":183,"column":6},"end":{"line":183,"column":16}},"82":{"start":{"line":186,"column":4},"end":{"line":186,"column":40}},"83":{"start":{"line":188,"column":4},"end":{"line":195,"column":5}},"84":{"start":{"line":189,"column":6},"end":{"line":189,"column":22}},"85":{"start":{"line":190,"column":6},"end":{"line":190,"column":15}},"86":{"start":{"line":191,"column":6},"end":{"line":191,"column":17}},"87":{"start":{"line":192,"column":11},"end":{"line":195,"column":5}},"88":{"start":{"line":193,"column":6},"end":{"line":193,"column":23}},"89":{"start":{"line":194,"column":6},"end":{"line":194,"column":17}},"90":{"start":{"line":197,"column":4},"end":{"line":197,"column":20}},"91":{"start":{"line":199,"column":4},"end":{"line":214,"column":7}},"92":{"start":{"line":200,"column":6},"end":{"line":202,"column":7}},"93":{"start":{"line":201,"column":8},"end":{"line":201,"column":29}},"94":{"start":{"line":203,"column":6},"end":{"line":211,"column":8}},"95":{"start":{"line":204,"column":8},"end":{"line":208,"column":9}},"96":{"start":{"line":205,"column":10},"end":{"line":205,"column":27}},"97":{"start":{"line":206,"column":10},"end":{"line":206,"column":32}},"98":{"start":{"line":207,"column":10},"end":{"line":207,"column":75}},"99":{"start":{"line":207,"column":48},"end":{"line":207,"column":72}},"100":{"start":{"line":209,"column":8},"end":{"line":209,"column":22}},"101":{"start":{"line":210,"column":8},"end":{"line":210,"column":64}},"102":{"start":{"line":213,"column":6},"end":{"line":213,"column":27}},"103":{"start":{"line":226,"column":4},"end":{"line":233,"column":5}},"104":{"start":{"line":227,"column":6},"end":{"line":227,"column":24}},"105":{"start":{"line":228,"column":6},"end":{"line":228,"column":17}},"106":{"start":{"line":229,"column":6},"end":{"line":229,"column":18}},"107":{"start":{"line":230,"column":11},"end":{"line":233,"column":5}},"108":{"start":{"line":231,"column":6},"end":{"line":231,"column":24}},"109":{"start":{"line":232,"column":6},"end":{"line":232,"column":18}},"110":{"start":{"line":235,"column":4},"end":{"line":237,"column":5}},"111":{"start":{"line":236,"column":6},"end":{"line":236,"column":37}},"112":{"start":{"line":239,"column":4},"end":{"line":244,"column":5}},"113":{"start":{"line":240,"column":6},"end":{"line":240,"column":62}},"114":{"start":{"line":241,"column":6},"end":{"line":241,"column":17}},"115":{"start":{"line":242,"column":6},"end":{"line":242,"column":34}},"116":{"start":{"line":242,"column":20},"end":{"line":242,"column":34}},"117":{"start":{"line":243,"column":6},"end":{"line":243,"column":13}},"118":{"start":{"line":246,"column":4},"end":{"line":246,"column":68}},"119":{"start":{"line":258,"column":4},"end":{"line":265,"column":5}},"120":{"start":{"line":259,"column":6},"end":{"line":259,"column":24}},"121":{"start":{"line":260,"column":6},"end":{"line":260,"column":17}},"122":{"start":{"line":261,"column":6},"end":{"line":261,"column":18}},"123":{"start":{"line":262,"column":11},"end":{"line":265,"column":5}},"124":{"start":{"line":263,"column":6},"end":{"line":263,"column":24}},"125":{"start":{"line":264,"column":6},"end":{"line":264,"column":18}},"126":{"start":{"line":267,"column":4},"end":{"line":269,"column":5}},"127":{"start":{"line":268,"column":6},"end":{"line":268,"column":37}},"128":{"start":{"line":271,"column":4},"end":{"line":276,"column":5}},"129":{"start":{"line":272,"column":6},"end":{"line":272,"column":62}},"130":{"start":{"line":273,"column":6},"end":{"line":273,"column":17}},"131":{"start":{"line":274,"column":6},"end":{"line":274,"column":34}},"132":{"start":{"line":274,"column":20},"end":{"line":274,"column":34}},"133":{"start":{"line":275,"column":6},"end":{"line":275,"column":13}},"134":{"start":{"line":278,"column":4},"end":{"line":278,"column":20}},"135":{"start":{"line":280,"column":4},"end":{"line":285,"column":7}},"136":{"start":{"line":281,"column":6},"end":{"line":283,"column":7}},"137":{"start":{"line":282,"column":8},"end":{"line":282,"column":29}},"138":{"start":{"line":284,"column":6},"end":{"line":284,"column":57}},"139":{"start":{"line":296,"column":4},"end":{"line":299,"column":5}},"140":{"start":{"line":297,"column":6},"end":{"line":297,"column":24}},"141":{"start":{"line":298,"column":6},"end":{"line":298,"column":18}},"142":{"start":{"line":301,"column":4},"end":{"line":303,"column":5}},"143":{"start":{"line":302,"column":6},"end":{"line":302,"column":37}},"144":{"start":{"line":305,"column":4},"end":{"line":310,"column":5}},"145":{"start":{"line":306,"column":6},"end":{"line":306,"column":62}},"146":{"start":{"line":307,"column":6},"end":{"line":307,"column":17}},"147":{"start":{"line":308,"column":6},"end":{"line":308,"column":34}},"148":{"start":{"line":308,"column":20},"end":{"line":308,"column":34}},"149":{"start":{"line":309,"column":6},"end":{"line":309,"column":13}},"150":{"start":{"line":312,"column":4},"end":{"line":312,"column":20}},"151":{"start":{"line":314,"column":4},"end":{"line":341,"column":6}},"152":{"start":{"line":317,"column":8},"end":{"line":317,"column":56}},"153":{"start":{"line":321,"column":8},"end":{"line":321,"column":20}},"154":{"start":{"line":323,"column":8},"end":{"line":325,"column":9}},"155":{"start":{"line":324,"column":10},"end":{"line":324,"column":34}},"156":{"start":{"line":327,"column":8},"end":{"line":337,"column":11}},"157":{"start":{"line":328,"column":10},"end":{"line":330,"column":11}},"158":{"start":{"line":329,"column":12},"end":{"line":329,"column":33}},"159":{"start":{"line":332,"column":10},"end":{"line":334,"column":11}},"160":{"start":{"line":333,"column":12},"end":{"line":333,"column":48}},"161":{"start":{"line":336,"column":10},"end":{"line":336,"column":39}},"162":{"start":{"line":350,"column":4},"end":{"line":352,"column":5}},"163":{"start":{"line":351,"column":6},"end":{"line":351,"column":37}},"164":{"start":{"line":354,"column":4},"end":{"line":359,"column":5}},"165":{"start":{"line":355,"column":6},"end":{"line":355,"column":62}},"166":{"start":{"line":356,"column":6},"end":{"line":356,"column":17}},"167":{"start":{"line":357,"column":6},"end":{"line":357,"column":34}},"168":{"start":{"line":357,"column":20},"end":{"line":357,"column":34}},"169":{"start":{"line":358,"column":6},"end":{"line":358,"column":13}},"170":{"start":{"line":361,"column":4},"end":{"line":361,"column":35}},"171":{"start":{"line":363,"column":4},"end":{"line":363,"column":20}},"172":{"start":{"line":365,"column":4},"end":{"line":386,"column":6}},"173":{"start":{"line":367,"column":10},"end":{"line":367,"column":34}},"174":{"start":{"line":370,"column":10},"end":{"line":375,"column":11}},"175":{"start":{"line":371,"column":12},"end":{"line":371,"column":45}},"176":{"start":{"line":372,"column":12},"end":{"line":372,"column":42}},"177":{"start":{"line":374,"column":12},"end":{"line":374,"column":33}},"178":{"start":{"line":377,"column":10},"end":{"line":383,"column":13}},"179":{"start":{"line":378,"column":12},"end":{"line":382,"column":13}},"180":{"start":{"line":379,"column":14},"end":{"line":379,"column":102}},"181":{"start":{"line":381,"column":14},"end":{"line":381,"column":30}},"182":{"start":{"line":397,"column":4},"end":{"line":397,"column":20}},"183":{"start":{"line":399,"column":4},"end":{"line":447,"column":6}},"184":{"start":{"line":402,"column":8},"end":{"line":402,"column":32}},"185":{"start":{"line":407,"column":8},"end":{"line":409,"column":71}},"186":{"start":{"line":410,"column":8},"end":{"line":410,"column":43}},"187":{"start":{"line":411,"column":8},"end":{"line":422,"column":9}},"188":{"start":{"line":412,"column":10},"end":{"line":412,"column":39}},"189":{"start":{"line":413,"column":10},"end":{"line":413,"column":39}},"190":{"start":{"line":414,"column":10},"end":{"line":414,"column":30}},"191":{"start":{"line":415,"column":10},"end":{"line":415,"column":35}},"192":{"start":{"line":416,"column":10},"end":{"line":416,"column":49}},"193":{"start":{"line":417,"column":10},"end":{"line":417,"column":41}},"194":{"start":{"line":418,"column":10},"end":{"line":418,"column":28}},"195":{"start":{"line":419,"column":10},"end":{"line":419,"column":49}},"196":{"start":{"line":421,"column":10},"end":{"line":421,"column":32}},"197":{"start":{"line":424,"column":8},"end":{"line":443,"column":11}},"198":{"start":{"line":425,"column":10},"end":{"line":429,"column":11}},"199":{"start":{"line":427,"column":12},"end":{"line":427,"column":100}},"200":{"start":{"line":428,"column":12},"end":{"line":428,"column":33}},"201":{"start":{"line":431,"column":10},"end":{"line":436,"column":11}},"202":{"start":{"line":433,"column":12},"end":{"line":433,"column":69}},"203":{"start":{"line":435,"column":12},"end":{"line":435,"column":72}},"204":{"start":{"line":439,"column":10},"end":{"line":439,"column":76}},"205":{"start":{"line":440,"column":10},"end":{"line":440,"column":40}},"206":{"start":{"line":442,"column":10},"end":{"line":442,"column":38}},"207":{"start":{"line":457,"column":4},"end":{"line":460,"column":5}},"208":{"start":{"line":458,"column":6},"end":{"line":458,"column":23}},"209":{"start":{"line":459,"column":6},"end":{"line":459,"column":19}},"210":{"start":{"line":462,"column":4},"end":{"line":464,"column":5}},"211":{"start":{"line":463,"column":6},"end":{"line":463,"column":37}},"212":{"start":{"line":466,"column":4},"end":{"line":466,"column":54}},"213":{"start":{"line":476,"column":4},"end":{"line":479,"column":5}},"214":{"start":{"line":477,"column":6},"end":{"line":477,"column":23}},"215":{"start":{"line":478,"column":6},"end":{"line":478,"column":19}},"216":{"start":{"line":481,"column":4},"end":{"line":483,"column":5}},"217":{"start":{"line":482,"column":6},"end":{"line":482,"column":37}},"218":{"start":{"line":485,"column":4},"end":{"line":485,"column":45}},"219":{"start":{"line":495,"column":4},"end":{"line":498,"column":5}},"220":{"start":{"line":496,"column":6},"end":{"line":496,"column":23}},"221":{"start":{"line":497,"column":6},"end":{"line":497,"column":19}},"222":{"start":{"line":500,"column":4},"end":{"line":502,"column":5}},"223":{"start":{"line":501,"column":6},"end":{"line":501,"column":37}},"224":{"start":{"line":504,"column":4},"end":{"line":504,"column":20}},"225":{"start":{"line":506,"column":4},"end":{"line":510,"column":7}},"226":{"start":{"line":507,"column":6},"end":{"line":507,"column":36}},"227":{"start":{"line":507,"column":15},"end":{"line":507,"column":36}},"228":{"start":{"line":509,"column":6},"end":{"line":509,"column":69}},"229":{"start":{"line":519,"column":4},"end":{"line":521,"column":5}},"230":{"start":{"line":520,"column":6},"end":{"line":520,"column":27}},"231":{"start":{"line":522,"column":4},"end":{"line":522,"column":55}},"232":{"start":{"line":530,"column":4},"end":{"line":530,"column":34}},"233":{"start":{"line":535,"column":0},"end":{"line":535,"column":28}}},"branchMap"
[...]
lumn":4}},{"start":{"line":339,"column":4},"end":{"line":339,"column":4}}]},"56":{"line":347,"type":"if","locations":[{"start":{"line":347,"column":4},"end":{"line":347,"column":4}},{"start":{"line":347,"column":4},"end":{"line":347,"column":4}}]},"57":{"line":350,"type":"if","locations":[{"start":{"line":350,"column":6},"end":{"line":350,"column":6}},{"start":{"line":350,"column":6},"end":{"line":350,"column":6}}]},"58":{"line":356,"type":"if","locations":[{"start":{"line":356,"column":4},"end":{"line":356,"column":4}},{"start":{"line":356,"column":4},"end":{"line":356,"column":4}}]},"59":{"line":360,"type":"if","locations":[{"start":{"line":360,"column":4},"end":{"line":360,"column":4}},{"start":{"line":360,"column":4},"end":{"line":360,"column":4}}]},"60":{"line":366,"type":"if","locations":[{"start":{"line":366,"column":6},"end":{"line":366,"column":6}},{"start":{"line":366,"column":6},"end":{"line":366,"column":6}}]},"61":{"line":369,"type":"if","locations":[{"start":{"line":369,"column":6},"end":{"line":369,"column":6}},{"start":{"line":369,"column":6},"end":{"line":369,"column":6}}]},"62":{"line":376,"type":"if","locations":[{"start":{"line":376,"column":6},"end":{"line":376,"column":6}},{"start":{"line":376,"column":6},"end":{"line":376,"column":6}}]},"63":{"line":381,"type":"if","locations":[{"start":{"line":381,"column":6},"end":{"line":381,"column":6}},{"start":{"line":381,"column":6},"end":{"line":381,"column":6}}]},"64":{"line":390,"type":"if","locations":[{"start":{"line":390,"column":8},"end":{"line":390,"column":8}},{"start":{"line":390,"column":8},"end":{"line":390,"column":8}}]},"65":{"line":394,"type":"if","locations":[{"start":{"line":394,"column":8},"end":{"line":394,"column":8}},{"start":{"line":394,"column":8},"end":{"line":394,"column":8}}]},"66":{"line":399,"type":"if","locations":[{"start":{"line":399,"column":10},"end":{"line":399,"column":10}},{"start":{"line":399,"column":10},"end":{"line":399,"column":10}}]},"67":{"line":403,"type":"if","locations":[{"start":{"line":403,"column":10},"end":{"line":403,"column":10}},{"start":{"line":403,"column":10},"end":{"line":403,"column":10}}]},"68":{"line":407,"type":"if","locations":[{"start":{"line":407,"column":14},"end":{"line":407,"column":14}},{"start":{"line":407,"column":14},"end":{"line":407,"column":14}}]},"69":{"line":416,"type":"if","locations":[{"start":{"line":416,"column":8},"end":{"line":416,"column":8}},{"start":{"line":416,"column":8},"end":{"line":416,"column":8}}]},"70":{"line":427,"type":"if","locations":[{"start":{"line":427,"column":4},"end":{"line":427,"column":4}},{"start":{"line":427,"column":4},"end":{"line":427,"column":4}}]},"71":{"line":430,"type":"if","locations":[{"start":{"line":430,"column":6},"end":{"line":430,"column":6}},{"start":{"line":430,"column":6},"end":{"line":430,"column":6}}]},"72":{"line":436,"type":"if","locations":[{"start":{"line":436,"column":4},"end":{"line":436,"column":4}},{"start":{"line":436,"column":4},"end":{"line":436,"column":4}}]},"73":{"line":440,"type":"if","locations":[{"start":{"line":440,"column":4},"end":{"line":440,"column":4}},{"start":{"line":440,"column":4},"end":{"line":440,"column":4}}]},"74":{"line":465,"type":"if","locations":[{"start":{"line":465,"column":6},"end":{"line":465,"column":6}},{"start":{"line":465,"column":6},"end":{"line":465,"column":6}}]},"75":{"line":470,"type":"if","locations":[{"start":{"line":470,"column":6},"end":{"line":470,"column":6}},{"start":{"line":470,"column":6},"end":{"line":470,"column":6}}]},"76":{"line":479,"type":"if","locations":[{"start":{"line":479,"column":8},"end":{"line":479,"column":8}},{"start":{"line":479,"column":8},"end":{"line":479,"column":8}}]},"77":{"line":495,"type":"if","locations":[{"start":{"line":495,"column":4},"end":{"line":495,"column":4}},{"start":{"line":495,"column":4},"end":{"line":495,"column":4}}]}},"code":["'use strict';","","var util = require('util'),","  Store = require('../base'),","  _ = require('lodash'),","  async = require('async'),","  tingodb = Store.use('tingodb')(),","  ObjectID = tingodb.ObjectID,","  debug = require('debug')('eventstore:store:tingodb');","","function Tingo(options) {","  options = options || {};","","  Store.call(this, options);","","  var defaults = {","    dbPath: require('path').join(__dirname, '../../'),","    eventsCollectionName: 'events',","    snapshotsCollectionName: 'snapshots',","    transactionsCollectionName: 'transactions'","  };","","  _.defaults(options, defaults);","","  this.options = options;","}","","util.inherits(Tingo, Store);","","_.extend(Tingo.prototype, {","","  connect: function (callback) {","    var options = this.options;","","    this.db = new tingodb.Db(options.dbPath, {});","    // this.db.on('close', function() {","    //   self.emit('disconnect');","    // });","    this.events = this.db.collection(options.eventsCollectionName + '.tingo');","    this.events.ensureIndex({ aggregateId: 1, streamRevision: 1 },","      function (err) { if (err) { debug(err); } });","    this.events.ensureIndex({ commitStamp: 1 },","        function (err) { if (err) { debug(err); } });","    this.events.ensureIndex({ dispatched: 1 }, { sparse: true },","      function (err) { if (err) { debug(err); } });","","    this.snapshots = this.db.collection(options.snapshotsCollectionName + '.tingo');","    this.snapshots.ensureIndex({ aggregateId: 1, revision: -1 },","      function (err) { if (err) { debug(err); } });","","    this.transactions = this.db.collection(options.transactionsCollectionName + '.tingo');","    this.transactions.ensureIndex({ aggregateId: 1, 'events.streamRevision': 1 },","      function (err) { if (err) { debug(err); } });","","    this.emit('connect');","    if (callback) callback(null, this);","  },","","  disconnect: function (callback) {","    if (!this.db) {","      if (callback) callback(null);","      return;","    }","","    this.emit('disconnect');","    this.db.close(callback || function () {});","  },","","  clear: function (callback) {","    var self = this;","    async.parallel([","      function (callback) {","        self.events.remove({}, callback);","      },","      function (callback) {","        self.snapshots.remove({}, callback);","      },","      function (callback) {","        self.transactions.remove({}, callback);","      }","    ], function (err) {","      if (err) {","        debug(err);","      }","      if (callback) callback(err);","    });","  },","","  getNewId: function(callback) {","    callback(null, new ObjectID().toString());","  },","","  addEvents: function (events, callback) {","    var noAggId = false;","","    _.each(events, function (evt) {","      if (!evt.aggregateId) {","        noAggId = true;","      }","","      evt._id = evt.id;","      evt.dispatched = false;","    });","","    if (noAggId) {","      var errMsg = 'aggregateId not defined!';","      debug(errMsg);","      if (callback) callback(new Error(errMsg));","      return;","    }","","    var self = this;","","    if (events.length === 1) {","      return this.events.insert(events, callback);","    }","","    var tx = {","      _id: events[0].commitId,","      events: events,","      aggregateId: events[0].aggregateId,","      aggregate: events[0].aggregate,","      context: events[0].context","    };","","    this.transactions.insert(tx, function (err) {","      if (err) {","        debug(err);","        if (callback) callback(err);","        return;","      }","","      self.events.insert(events, function (err) {","        if (err) {","          debug(err);","          if (callback) callback(err);","          return;","        }","","        self.removeTransactions(events[events.length - 1]);","","        if (callback) { callback(null); }","      });","    });","  },","","  getEvents: function (query, skip, limit, callback) {","    var findStatement = {};","","    if (query.aggregate) {","      findStatement.aggregate = query.aggregate;","    }","","    if (query.context) {","      findStatement.context = query.context;","    }","","    if (query.aggregateId) {","      findStatement['$or'] = [","        { aggregateId: query.aggregateId },","        { streamId: query.aggregateId } // just for compatability of < 1.0.0","      ];","    }","","    if (limit === -1) {","      return this.events.find(findStatement, { sort: [['commitStamp', 'asc'], ['streamRevision', 'asc'], ['commitSequence', 'asc']] }).skip(skip).toArray(callback);","    }","","    this.events.find(findStatement, { sort: [['commitStamp', 'asc'], ['streamRevision', 'asc'], ['commitSequence', 'asc']] }).skip(skip).limit(limit).toArray(callback);","  },","","  getEventsSince: function (date, skip, limit, callback) {","    var findStatement = { commitStamp: { '$gte': date } };","","    if (limit === -1) {","      return this.events.find(findStatement, { sort: [['commitStamp', 'asc'], ['streamRevision', 'asc'], ['commitSequence', 'asc']] }).skip(skip).toArray(callback);","    }","","    this.events.find(findStatement, { sort: [['commitStamp', 'asc'], ['streamRevision', 'asc'], ['commitSequence', 'asc']] }).skip(skip).limit(limit).toArray(callback);","  },","","  getEventsByRevision: function (query, revMin, revMax, callback) {","    if (!query.aggregateId) {","      var errMsg = 'aggregateId not defined!';","      debug(errMsg);","      if (callback) callback(new Error(errMsg));","      return;","    }","","    var streamRevOptions = { '$gte': revMin, '$lt': revMax };","    if (revMax == -1) {","      streamRevOptions = { '$gte': revMin };","    }","","    var findStatement = {","      '$or': [","        { aggregateId: query.aggregateId },","        { streamId: query.aggregateId } // just for compatability of < 1.0.0","      ],","      streamRevision: streamRevOptions","    };","","    if (query.aggregate) {","      findStatement.aggregate = query.aggregate;","    }","","    if (query.context) {","      findStatement.context = query.context;","    }","","    var self = this;","","    this.events.find(findStatement, { sort: [['commitStamp', 'asc'], ['streamRevision', 'asc'], ['commitSequence', 'asc']] }).toArray(function (err, res) {","      if (err) {","        debug(err);","        return callback(err);","      }","","      if (!res || res.length === 0) {","        return callback(null, []);","      }","","      var lastEvt = res[res.length - 1];","","      var txOk = (revMax === -1 && !lastEvt.restInCommitStream) ||","                 (revMax !== -1 && (lastEvt.streamRevision === revMax - 1 || !lastEvt.restInCommitStream));","","      if (txOk) {","        // the following is usually unnecessary","        self.removeTransactions(lastEvt);","","        return callback(null, res);","      }","","      self.repairFailedTransaction(lastEvt, function (err) {","        if (err) {","          if (err.message.indexOf('missing tx entry') >= 0) {","            return callback(null, res);","          }","          debug(err);","          return callback(err);","        }","","        self.getEventsByRevision(query, revMin, revMax, callback);","      });","    });","  },","","  getUndispatchedEvents: function (query, callback) {","    var findStatement = {","      dispatched: false","    };","","    if (query && query.aggregate) {","      findStatement.aggregate = query.aggregate;","    }","","    if (query && query.context) {","      findStatement.context = query.context;","    }","","    if (query && query.aggregateId) {","      findStatement.aggregateId = query.aggregateId;","    }","","    this.events.find(findStatement, { sort: [['commitStamp', 'asc'], ['streamRevision', 'asc'], ['commitSequence', 'asc']] }).toArray(callback);","  },","","  setEventToDispatched: function (id, callback) {","    var updateCommand = { '$unset' : { 'dispatched': null } };","    this.events.update({'_id' : id}, updateCommand, callback);","  },","","  addSnapshot: function(snap, callback) {","    if (!snap.aggregateId) {","      var errMsg = 'aggregateId not defined!';","      debug(errMsg);","      if (callback) callback(new Error(errMsg));","      return;","    }","","    snap._id = snap.id;","    this.snapshots.insert(snap, callback);","  },","","  cleanSnapshots: function (query, callback) {","    if (!query.aggregateId) {","      var errMsg = 'aggregateId not defined!';","      debug(errMsg);","      if (callback) callback(new Error(errMsg));","      return;","    }","","    var findStatement = {","      '$or': [","        { aggregateId: query.aggregateId },","        { streamId: query.aggregateId } // just for compatability of < 1.0.0","      ]","    };","","    if (query.aggregate) {","      findStatement.aggregate = query.aggregate;","    }","","    if (query.context) {","      findStatement.context = query.context;","    }","","    this.snapshots.find(findStatement, {","      sort: [['revision', 'desc'], ['version', 'desc'], ['commitStamp', 'desc']]","    })","      .skip(this.options.maxSnapshotsCount)","      .toArray(removeElements(this.snapshots, callback));","  },","","  getSnapshot: function (query, revMax, callback) {","    if (!query.aggregateId) {","      var errMsg = 'aggregateId not defined!';","      debug(errMsg);","      if (callback) callback(new Error(errMsg));","      return;","    }","","    var findStatement = {","      '$or': [","        { aggregateId: query.aggregateId },","        { streamId: query.aggregateId } // just for compatability of < 1.0.0","      ]","    };","","    if (query.aggregate) {","      findStatement.aggregate = query.aggregate;","    }","","    if (query.context) {","      findStatement.context = query.context;","    }","","    if (revMax > -1) {","      findStatement.revision = { '$lte': revMax };","    }","","    this.snapshots.findOne(findStatement, { sort: [['revision', 'desc'], ['version', 'desc'], ['commitStamp', 'desc']] }, callback);","  },","","  removeTransactions: function (evt, callback) {","    if (!evt.aggregateId) {","      var errMsg = 'aggregateId not defined!';","      debug(errMsg);","      if (callback) callback(new Error(errMsg));","      return;","    }","","    var findStatement = { aggregateId: evt.aggregateId };","","    if (evt.aggregate) {","      findStatement.aggregate = evt.aggregate;","    }","","    if (evt.context) {","      findStatement.context = evt.context;","    }","","    // the following is usually unnecessary","    this.transactions.remove(findStatement, function (err) {","      if (err) {","        debug(err);","      }","      if (callback) { callback(err); }","    });","  },","","  getPendingTransactions: function (callback) {","    var self = this;","    this.transactions.find({}).toArray(function (err, txs) {","      if (err) {","        debug(err);","        return callback(err);","      }","","      if (txs.length === 0) {","        return callback(null, txs);","      }","","      var goodTxs = [];","","      async.map(txs, function (tx, clb) {","        var findStatement = { commitId: tx._id, aggregateId: tx.aggregateId };","","        if (tx.aggregate) {","          findStatement.aggregate = tx.aggregate;","        }","","        if (tx.context) {","          findStatement.context = tx.context;","        }","","        self.events.findOne(findStatement, function (err, evt) {","          if (err) {","            return clb(err);","          }","","          if (evt) {","            goodTxs.push(evt);","          } else {","            self.transactions.remove({ _id: tx._id }, function (err) {","              if (err) {","                debug(err);","              }","            });","          }","","          clb(null);","        });","      }, function (err) {","        if (err) {","          debug(err);","          return callback(err);","        }","","        callback(null, goodTxs);","      })","    });","  },","","  getLastEvent: function (query, callback) {","    if (!query.aggregateId) {","      var errMsg = 'aggregateId not defined!';","      debug(errMsg);","      if (callback) callback(new Error(errMsg));","      return;","    }","","    var findStatement = { aggregateId: query.aggregateId };","","    if (query.aggregate) {","      findStatement.aggregate = query.aggregate;","    }","","    if (query.context) {","      findStatement.context = query.context;","    }","","    this.events.findOne(findStatement, { sort: [['commitStamp', 'desc'], ['streamRevision', 'desc'], ['commitSequence', 'desc']] }, callback);","  },","","  repairFailedTransaction: function (lastEvt, callback) {","    var self = this;","","    //var findStatement = {","    //  aggregateId: lastEvt.aggregateId,","    //  'events.streamRevision': lastEvt.streamRevision + 1","    //};","    //","    //if (lastEvt.aggregate) {","    //  findStatement.aggregate = lastEvt.aggregate;","    //}","    //","    //if (lastEvt.context) {","    //  findStatement.context = lastEvt.context;","    //}","","    //this.transactions.findOne(findStatement, function (err, tx) {","    this.transactions.findOne({ _id: lastEvt.commitId }, function (err, tx) {","      if (err) {","        debug(err);","        return callback(err);","      }","","      if (!tx) {","        var err = new Error('missing tx entry for aggregate ' + lastEvt.aggregateId);","        debug(err);","        return callback(err);","      }","","      var missingEvts = tx.events.slice(tx.events.length - lastEvt.restInCommitStream);","","      self.events.insert(missingEvts, function (err) {","        if (err) {","          debug(err);","          return callback(err);","        }","","        self.removeTransactions(lastEvt);","","        callback(null);","      });","    });","  }","","});","","function removeElements(collection, callback) {","  return function (error, elements) {","    if (error) {","      debug(error);","      return callback(error);","    }","    async.each(elements, function (element, callback) {","      try {","        collection.remove({_id: element._id});","        callback();","      } catch (error) {","        callback(error);","      }","    }, function(error) {","      callback(error, elements.length);","    });","  }","}","","module.exports = Tingo;",""],"l":{"3":2,"11":1,"12":0,"14":0,"16":0,"23":0,"25":0,"28":0,"30":0,"33":0,"35":0,"39":0,"40":0,"41":0,"42":0,"43":0,"44":0,"45":0,"47":0,"48":0,"49":0,"51":0,"52":0,"53":0,"55":0,"56":0,"60":0,"61":0,"62":0,"65":0,"66":0,"70":0,"71":0,"73":0,"76":0,"79":0,"82":0,"83":0,"85":0,"90":0,"94":0,"96":0,"97":0,"98":0,"101":0,"102":0,"105":0,"106":0,"107":0,"108":0,"109":0,"112":0,"114":0,"115":0,"118":0,"126":0,"127":0,"128":0,"129":0,"130":0,"133":0,"134":0,"135":0,"136":0,"137":0,"140":0,"142":0,"148":0,"150":0,"151":0,"154":0,"155":0,"158":0,"159":0,"165":0,"166":0,"169":0,"173":0,"175":0,"176":0,"179":0,"183":0,"184":0,"185":0,"186":0,"187":0,"190":0,"191":0,"192":0,"195":0,"203":0,"204":0,"207":0,"208":0,"211":0,"213":0,"214":0,"215":0,"216":0,"219":0,"220":0,"223":0,"225":0,"228":0,"230":0,"232":0,"235":0,"236":0,"237":0,"238":0,"240":0,"241":0,"244":0,"250":0,"254":0,"255":0,"258":0,"259":0,"262":0,"263":0,"266":0,"270":0,"271":0,"275":0,"276":0,"277":0,"278":0,"279":0,"282":0,"283":0,"287":0,"288":0,"289":0,"290":0,"291":0,"294":0,"301":0,"302":0,"305":0,"306":0,"309":0,"317":0,"318":0,"319":0,"320":0,"321":0,"324":0,"331":0,"332":0,"335":0,"336":0,"339":0,"340":0,"343":0,"347":0,"348":0,"349":0,"350":0,"351":0,"354":0,"356":0,"357":0,"360":0,"361":0,"365":0,"366":0,"367":0,"369":0,"374":0,"375":0,"376":0,"377":0,"378":0,"381":0,"382":0,"385":0,"387":0,"388":0,"390":0,"391":0,"394":0,"395":0,"398":0,"399":0,"400":0,"403":0,"404":0,"406":0,"407":0,"408":0,"413":0,"416":0,"417":0,"418":0,"421":0,"427":0,"428":0,"429":0,"430":0,"431":0,"434":0,"436":0,"437":0,"440":0,"441":0,"444":0,"448":0,"464":0,"465":0,"466":0,"467":0,"470":0,"471":0,"472":0,"473":0,"476":0,"478":0,"479":0,"480":0,"481":0,"484":0,"486":0,"493":1,"494":0,"495":0,"496":0,"497":0,"499":0,"500":0,"501":0,"502":0,"504":0,"507":0,"512":0}}}